Determining if the include file pthread.h exists passed with the following output:
Change Dir: /home/cjdcoy/CUHKSZ/CSC4005/119100002/programs/pthread/bin/CMakeFiles/CMakeTmp

Run Build Command(s):/usr/bin/make cmTC_8dba2/fast 
/usr/bin/make -f CMakeFiles/cmTC_8dba2.dir/build.make CMakeFiles/cmTC_8dba2.dir/build
make[1]: Entering directory '/home/cjdcoy/CUHKSZ/CSC4005/119100002/programs/pthread/bin/CMakeFiles/CMakeTmp'
Building C object CMakeFiles/cmTC_8dba2.dir/CheckIncludeFile.c.o
/usr/bin/cc    -o CMakeFiles/cmTC_8dba2.dir/CheckIncludeFile.c.o   -c /home/cjdcoy/CUHKSZ/CSC4005/119100002/programs/pthread/bin/CMakeFiles/CMakeTmp/CheckIncludeFile.c
Linking C executable cmTC_8dba2
/home/cjdcoy/TOOLS/clion/bin/cmake/linux/bin/cmake -E cmake_link_script CMakeFiles/cmTC_8dba2.dir/link.txt --verbose=1
/usr/bin/cc      -rdynamic CMakeFiles/cmTC_8dba2.dir/CheckIncludeFile.c.o  -o cmTC_8dba2 
make[1]: Leaving directory '/home/cjdcoy/CUHKSZ/CSC4005/119100002/programs/pthread/bin/CMakeFiles/CMakeTmp'


Determining if the function pthread_create exists in the pthread passed with the following output:
Change Dir: /home/cjdcoy/CUHKSZ/CSC4005/119100002/programs/pthread/bin/CMakeFiles/CMakeTmp

Run Build Command(s):/usr/bin/make cmTC_67fdf/fast 
/usr/bin/make -f CMakeFiles/cmTC_67fdf.dir/build.make CMakeFiles/cmTC_67fdf.dir/build
make[1]: Entering directory '/home/cjdcoy/CUHKSZ/CSC4005/119100002/programs/pthread/bin/CMakeFiles/CMakeTmp'
Building C object CMakeFiles/cmTC_67fdf.dir/CheckFunctionExists.c.o
/usr/bin/cc   -DCHECK_FUNCTION_EXISTS=pthread_create   -o CMakeFiles/cmTC_67fdf.dir/CheckFunctionExists.c.o   -c /home/cjdcoy/TOOLS/clion/bin/cmake/linux/share/cmake-3.14/Modules/CheckFunctionExists.c
Linking C executable cmTC_67fdf
/home/cjdcoy/TOOLS/clion/bin/cmake/linux/bin/cmake -E cmake_link_script CMakeFiles/cmTC_67fdf.dir/link.txt --verbose=1
/usr/bin/cc  -DCHECK_FUNCTION_EXISTS=pthread_create    -rdynamic CMakeFiles/cmTC_67fdf.dir/CheckFunctionExists.c.o  -o cmTC_67fdf -lpthread 
make[1]: Leaving directory '/home/cjdcoy/CUHKSZ/CSC4005/119100002/programs/pthread/bin/CMakeFiles/CMakeTmp'


Determining if the function XOpenDisplay exists in the /usr/lib/x86_64-linux-gnu/libX11.so;/usr/lib/x86_64-linux-gnu/libXext.so passed with the following output:
Change Dir: /home/cjdcoy/CUHKSZ/CSC4005/119100002/programs/pthread/bin/CMakeFiles/CMakeTmp

Run Build Command(s):/usr/bin/make cmTC_c16a8/fast 
/usr/bin/make -f CMakeFiles/cmTC_c16a8.dir/build.make CMakeFiles/cmTC_c16a8.dir/build
make[1]: Entering directory '/home/cjdcoy/CUHKSZ/CSC4005/119100002/programs/pthread/bin/CMakeFiles/CMakeTmp'
Building C object CMakeFiles/cmTC_c16a8.dir/CheckFunctionExists.c.o
/usr/bin/cc   -DCHECK_FUNCTION_EXISTS=XOpenDisplay   -o CMakeFiles/cmTC_c16a8.dir/CheckFunctionExists.c.o   -c /home/cjdcoy/TOOLS/clion/bin/cmake/linux/share/cmake-3.14/Modules/CheckFunctionExists.c
Linking C executable cmTC_c16a8
/home/cjdcoy/TOOLS/clion/bin/cmake/linux/bin/cmake -E cmake_link_script CMakeFiles/cmTC_c16a8.dir/link.txt --verbose=1
/usr/bin/cc  -DCHECK_FUNCTION_EXISTS=XOpenDisplay    -rdynamic CMakeFiles/cmTC_c16a8.dir/CheckFunctionExists.c.o  -o cmTC_c16a8 /usr/lib/x86_64-linux-gnu/libX11.so /usr/lib/x86_64-linux-gnu/libXext.so 
make[1]: Leaving directory '/home/cjdcoy/CUHKSZ/CSC4005/119100002/programs/pthread/bin/CMakeFiles/CMakeTmp'


Determining if the function gethostbyname exists passed with the following output:
Change Dir: /home/cjdcoy/CUHKSZ/CSC4005/119100002/programs/pthread/bin/CMakeFiles/CMakeTmp

Run Build Command(s):/usr/bin/make cmTC_6b567/fast 
/usr/bin/make -f CMakeFiles/cmTC_6b567.dir/build.make CMakeFiles/cmTC_6b567.dir/build
make[1]: Entering directory '/home/cjdcoy/CUHKSZ/CSC4005/119100002/programs/pthread/bin/CMakeFiles/CMakeTmp'
Building C object CMakeFiles/cmTC_6b567.dir/CheckFunctionExists.c.o
/usr/bin/cc   -DCHECK_FUNCTION_EXISTS=gethostbyname   -o CMakeFiles/cmTC_6b567.dir/CheckFunctionExists.c.o   -c /home/cjdcoy/TOOLS/clion/bin/cmake/linux/share/cmake-3.14/Modules/CheckFunctionExists.c
Linking C executable cmTC_6b567
/home/cjdcoy/TOOLS/clion/bin/cmake/linux/bin/cmake -E cmake_link_script CMakeFiles/cmTC_6b567.dir/link.txt --verbose=1
/usr/bin/cc  -DCHECK_FUNCTION_EXISTS=gethostbyname    -rdynamic CMakeFiles/cmTC_6b567.dir/CheckFunctionExists.c.o  -o cmTC_6b567 
make[1]: Leaving directory '/home/cjdcoy/CUHKSZ/CSC4005/119100002/programs/pthread/bin/CMakeFiles/CMakeTmp'


Determining if the function connect exists passed with the following output:
Change Dir: /home/cjdcoy/CUHKSZ/CSC4005/119100002/programs/pthread/bin/CMakeFiles/CMakeTmp

Run Build Command(s):/usr/bin/make cmTC_536d3/fast 
/usr/bin/make -f CMakeFiles/cmTC_536d3.dir/build.make CMakeFiles/cmTC_536d3.dir/build
make[1]: Entering directory '/home/cjdcoy/CUHKSZ/CSC4005/119100002/programs/pthread/bin/CMakeFiles/CMakeTmp'
Building C object CMakeFiles/cmTC_536d3.dir/CheckFunctionExists.c.o
/usr/bin/cc   -DCHECK_FUNCTION_EXISTS=connect   -o CMakeFiles/cmTC_536d3.dir/CheckFunctionExists.c.o   -c /home/cjdcoy/TOOLS/clion/bin/cmake/linux/share/cmake-3.14/Modules/CheckFunctionExists.c
Linking C executable cmTC_536d3
/home/cjdcoy/TOOLS/clion/bin/cmake/linux/bin/cmake -E cmake_link_script CMakeFiles/cmTC_536d3.dir/link.txt --verbose=1
/usr/bin/cc  -DCHECK_FUNCTION_EXISTS=connect    -rdynamic CMakeFiles/cmTC_536d3.dir/CheckFunctionExists.c.o  -o cmTC_536d3 
make[1]: Leaving directory '/home/cjdcoy/CUHKSZ/CSC4005/119100002/programs/pthread/bin/CMakeFiles/CMakeTmp'


Determining if the function remove exists passed with the following output:
Change Dir: /home/cjdcoy/CUHKSZ/CSC4005/119100002/programs/pthread/bin/CMakeFiles/CMakeTmp

Run Build Command(s):/usr/bin/make cmTC_c8f4e/fast 
/usr/bin/make -f CMakeFiles/cmTC_c8f4e.dir/build.make CMakeFiles/cmTC_c8f4e.dir/build
make[1]: Entering directory '/home/cjdcoy/CUHKSZ/CSC4005/119100002/programs/pthread/bin/CMakeFiles/CMakeTmp'
Building C object CMakeFiles/cmTC_c8f4e.dir/CheckFunctionExists.c.o
/usr/bin/cc   -DCHECK_FUNCTION_EXISTS=remove   -o CMakeFiles/cmTC_c8f4e.dir/CheckFunctionExists.c.o   -c /home/cjdcoy/TOOLS/clion/bin/cmake/linux/share/cmake-3.14/Modules/CheckFunctionExists.c
Linking C executable cmTC_c8f4e
/home/cjdcoy/TOOLS/clion/bin/cmake/linux/bin/cmake -E cmake_link_script CMakeFiles/cmTC_c8f4e.dir/link.txt --verbose=1
/usr/bin/cc  -DCHECK_FUNCTION_EXISTS=remove    -rdynamic CMakeFiles/cmTC_c8f4e.dir/CheckFunctionExists.c.o  -o cmTC_c8f4e 
make[1]: Leaving directory '/home/cjdcoy/CUHKSZ/CSC4005/119100002/programs/pthread/bin/CMakeFiles/CMakeTmp'


Determining if the function shmat exists passed with the following output:
Change Dir: /home/cjdcoy/CUHKSZ/CSC4005/119100002/programs/pthread/bin/CMakeFiles/CMakeTmp

Run Build Command(s):/usr/bin/make cmTC_2f2b9/fast 
/usr/bin/make -f CMakeFiles/cmTC_2f2b9.dir/build.make CMakeFiles/cmTC_2f2b9.dir/build
make[1]: Entering directory '/home/cjdcoy/CUHKSZ/CSC4005/119100002/programs/pthread/bin/CMakeFiles/CMakeTmp'
Building C object CMakeFiles/cmTC_2f2b9.dir/CheckFunctionExists.c.o
/usr/bin/cc   -DCHECK_FUNCTION_EXISTS=shmat   -o CMakeFiles/cmTC_2f2b9.dir/CheckFunctionExists.c.o   -c /home/cjdcoy/TOOLS/clion/bin/cmake/linux/share/cmake-3.14/Modules/CheckFunctionExists.c
Linking C executable cmTC_2f2b9
/home/cjdcoy/TOOLS/clion/bin/cmake/linux/bin/cmake -E cmake_link_script CMakeFiles/cmTC_2f2b9.dir/link.txt --verbose=1
/usr/bin/cc  -DCHECK_FUNCTION_EXISTS=shmat    -rdynamic CMakeFiles/cmTC_2f2b9.dir/CheckFunctionExists.c.o  -o cmTC_2f2b9 
make[1]: Leaving directory '/home/cjdcoy/CUHKSZ/CSC4005/119100002/programs/pthread/bin/CMakeFiles/CMakeTmp'


Determining if the function IceConnectionNumber exists in the ICE passed with the following output:
Change Dir: /home/cjdcoy/CUHKSZ/CSC4005/119100002/programs/pthread/bin/CMakeFiles/CMakeTmp

Run Build Command(s):/usr/bin/make cmTC_f85b1/fast 
/usr/bin/make -f CMakeFiles/cmTC_f85b1.dir/build.make CMakeFiles/cmTC_f85b1.dir/build
make[1]: Entering directory '/home/cjdcoy/CUHKSZ/CSC4005/119100002/programs/pthread/bin/CMakeFiles/CMakeTmp'
Building C object CMakeFiles/cmTC_f85b1.dir/CheckFunctionExists.c.o
/usr/bin/cc   -DCHECK_FUNCTION_EXISTS=IceConnectionNumber   -o CMakeFiles/cmTC_f85b1.dir/CheckFunctionExists.c.o   -c /home/cjdcoy/TOOLS/clion/bin/cmake/linux/share/cmake-3.14/Modules/CheckFunctionExists.c
Linking C executable cmTC_f85b1
/home/cjdcoy/TOOLS/clion/bin/cmake/linux/bin/cmake -E cmake_link_script CMakeFiles/cmTC_f85b1.dir/link.txt --verbose=1
/usr/bin/cc  -DCHECK_FUNCTION_EXISTS=IceConnectionNumber    -rdynamic CMakeFiles/cmTC_f85b1.dir/CheckFunctionExists.c.o  -o cmTC_f85b1 -lICE 
make[1]: Leaving directory '/home/cjdcoy/CUHKSZ/CSC4005/119100002/programs/pthread/bin/CMakeFiles/CMakeTmp'


