openmp  1 3308555
openmp  1 1146806
openmp  1 1144838
openmp  1 1532132
openmp  1 9601340
openmp  1 28955690
openmp  1 19087317
openmp  1 10721639
openmp  1 10759364
openmp  1 169727
openmp  1 164800
openmp  1 158442
openmp  1 1161642
pthread 1 1913895
pthread 32 1836424
pthread 32 1828794
pthread 32 1126159
pthread 32 1347030
pthread 32 1755815
pthread 32 221562
pthread 32 11612940
pthread 12 1454279
pthread 12 1515562
pthread 12 1452970
pthread 12 1403140
pthread 12 20037
pthread 12 81982
pthread 12 19679179
pthread 12 1354678
pthread 12 11959150
pthread 5 474864
pthread 6 334023
pthread 6 304316
pthread 6 338848
pthread 6 335008
pthread 6 285794
pthread 6 353217
pthread 6 1365
pthread 6 160906
pthread 6 122175
pthread 6 1650
pthread 6 11325
pthread 6 9822
pthread 6 23953
pthread 6 39716
