pthread 12 281604
pthread 12 1228959
pthread 12 1139428
pthread 12 680391
pthread 12 6756366
pthread 12 681849
pthread 12 735719
pthread 12 1356700
pthread 12 1385494
pthread 12 1420180
pthread 12 1466994
pthread 12 1368010
pthread 12 1480577
pthread 12 1587522
pthread 12 1329565
pthread 12 1441407
pthread 12 1642917
pthread 12 1487862
pthread 12 1388863
pthread 12 1471650
pthread 12 1599343
pthread 12 1551992
pthread 12 1483970
pthread 12 1407896
pthread 12 411177
pthread 12 1410166
pthread 12 1343485
pthread 12 1350166
pthread 12 1328822
pthread 12 1688723
pthread 12 368674
pthread 12 413388
pthread 12 626599
pthread 12 3663046
