Determining if the pthread_create exist failed with the following output:
Change Dir: /home/cjdcoy/CUHKSZ/CSC4005/assignment_2/pthread/bin/CMakeFiles/CMakeTmp

Run Build Command(s):/usr/bin/make cmTC_e4950/fast 
/usr/bin/make -f CMakeFiles/cmTC_e4950.dir/build.make CMakeFiles/cmTC_e4950.dir/build
make[1]: Entering directory '/home/cjdcoy/CUHKSZ/CSC4005/assignment_2/pthread/bin/CMakeFiles/CMakeTmp'
Building C object CMakeFiles/cmTC_e4950.dir/CheckSymbolExists.c.o
/usr/bin/cc    -o CMakeFiles/cmTC_e4950.dir/CheckSymbolExists.c.o   -c /home/cjdcoy/CUHKSZ/CSC4005/assignment_2/pthread/bin/CMakeFiles/CMakeTmp/CheckSymbolExists.c
Linking C executable cmTC_e4950
/home/cjdcoy/TOOLS/clion/bin/cmake/linux/bin/cmake -E cmake_link_script CMakeFiles/cmTC_e4950.dir/link.txt --verbose=1
/usr/bin/cc      -rdynamic CMakeFiles/cmTC_e4950.dir/CheckSymbolExists.c.o  -o cmTC_e4950 
CMakeFiles/cmTC_e4950.dir/CheckSymbolExists.c.o: In function `main':
CheckSymbolExists.c:(.text+0x1b): undefined reference to `pthread_create'
collect2: error: ld returned 1 exit status
CMakeFiles/cmTC_e4950.dir/build.make:86: recipe for target 'cmTC_e4950' failed
make[1]: *** [cmTC_e4950] Error 1
make[1]: Leaving directory '/home/cjdcoy/CUHKSZ/CSC4005/assignment_2/pthread/bin/CMakeFiles/CMakeTmp'
Makefile:121: recipe for target 'cmTC_e4950/fast' failed
make: *** [cmTC_e4950/fast] Error 2

File /home/cjdcoy/CUHKSZ/CSC4005/assignment_2/pthread/bin/CMakeFiles/CMakeTmp/CheckSymbolExists.c:
/* */
#include <pthread.h>

int main(int argc, char** argv)
{
  (void)argv;
#ifndef pthread_create
  return ((int*)(&pthread_create))[argc];
#else
  (void)argc;
  return 0;
#endif
}

Determining if the function pthread_create exists in the pthreads failed with the following output:
Change Dir: /home/cjdcoy/CUHKSZ/CSC4005/assignment_2/pthread/bin/CMakeFiles/CMakeTmp

Run Build Command(s):/usr/bin/make cmTC_74f4e/fast 
/usr/bin/make -f CMakeFiles/cmTC_74f4e.dir/build.make CMakeFiles/cmTC_74f4e.dir/build
make[1]: Entering directory '/home/cjdcoy/CUHKSZ/CSC4005/assignment_2/pthread/bin/CMakeFiles/CMakeTmp'
Building C object CMakeFiles/cmTC_74f4e.dir/CheckFunctionExists.c.o
/usr/bin/cc   -DCHECK_FUNCTION_EXISTS=pthread_create   -o CMakeFiles/cmTC_74f4e.dir/CheckFunctionExists.c.o   -c /home/cjdcoy/TOOLS/clion/bin/cmake/linux/share/cmake-3.14/Modules/CheckFunctionExists.c
Linking C executable cmTC_74f4e
/home/cjdcoy/TOOLS/clion/bin/cmake/linux/bin/cmake -E cmake_link_script CMakeFiles/cmTC_74f4e.dir/link.txt --verbose=1
/usr/bin/cc  -DCHECK_FUNCTION_EXISTS=pthread_create    -rdynamic CMakeFiles/cmTC_74f4e.dir/CheckFunctionExists.c.o  -o cmTC_74f4e -lpthreads 
/usr/bin/ld: cannot find -lpthreads
collect2: error: ld returned 1 exit status
CMakeFiles/cmTC_74f4e.dir/build.make:86: recipe for target 'cmTC_74f4e' failed
make[1]: *** [cmTC_74f4e] Error 1
make[1]: Leaving directory '/home/cjdcoy/CUHKSZ/CSC4005/assignment_2/pthread/bin/CMakeFiles/CMakeTmp'
Makefile:121: recipe for target 'cmTC_74f4e/fast' failed
make: *** [cmTC_74f4e/fast] Error 2


Determining if the pthread_create exist failed with the following output:
Change Dir: /home/cjdcoy/CUHKSZ/CSC4005/assignment_2/mpi/bin/CMakeFiles/CMakeTmp

Run Build Command(s):/usr/bin/make cmTC_fdc38/fast 
/usr/bin/make -f CMakeFiles/cmTC_fdc38.dir/build.make CMakeFiles/cmTC_fdc38.dir/build
make[1]: Entering directory '/home/cjdcoy/CUHKSZ/CSC4005/assignment_2/mpi/bin/CMakeFiles/CMakeTmp'
Building C object CMakeFiles/cmTC_fdc38.dir/CheckSymbolExists.c.o
/usr/bin/cc    -o CMakeFiles/cmTC_fdc38.dir/CheckSymbolExists.c.o   -c /home/cjdcoy/CUHKSZ/CSC4005/assignment_2/mpi/bin/CMakeFiles/CMakeTmp/CheckSymbolExists.c
Linking C executable cmTC_fdc38
/home/cjdcoy/TOOLS/clion/bin/cmake/linux/bin/cmake -E cmake_link_script CMakeFiles/cmTC_fdc38.dir/link.txt --verbose=1
/usr/bin/cc      -rdynamic CMakeFiles/cmTC_fdc38.dir/CheckSymbolExists.c.o  -o cmTC_fdc38 
CMakeFiles/cmTC_fdc38.dir/CheckSymbolExists.c.o: In function `main':
CheckSymbolExists.c:(.text+0x1b): undefined reference to `pthread_create'
collect2: error: ld returned 1 exit status
CMakeFiles/cmTC_fdc38.dir/build.make:86: recipe for target 'cmTC_fdc38' failed
make[1]: *** [cmTC_fdc38] Error 1
make[1]: Leaving directory '/home/cjdcoy/CUHKSZ/CSC4005/assignment_2/mpi/bin/CMakeFiles/CMakeTmp'
Makefile:121: recipe for target 'cmTC_fdc38/fast' failed
make: *** [cmTC_fdc38/fast] Error 2

File /home/cjdcoy/CUHKSZ/CSC4005/assignment_2/mpi/bin/CMakeFiles/CMakeTmp/CheckSymbolExists.c:
/* */
#include <pthread.h>

int main(int argc, char** argv)
{
  (void)argv;
#ifndef pthread_create
  return ((int*)(&pthread_create))[argc];
#else
  (void)argc;
  return 0;
#endif
}

Determining if the function pthread_create exists in the pthreads failed with the following output:
Change Dir: /home/cjdcoy/CUHKSZ/CSC4005/assignment_2/mpi/bin/CMakeFiles/CMakeTmp

Run Build Command(s):/usr/bin/make cmTC_52145/fast 
/usr/bin/make -f CMakeFiles/cmTC_52145.dir/build.make CMakeFiles/cmTC_52145.dir/build
make[1]: Entering directory '/home/cjdcoy/CUHKSZ/CSC4005/assignment_2/mpi/bin/CMakeFiles/CMakeTmp'
Building C object CMakeFiles/cmTC_52145.dir/CheckFunctionExists.c.o
/usr/bin/cc   -DCHECK_FUNCTION_EXISTS=pthread_create   -o CMakeFiles/cmTC_52145.dir/CheckFunctionExists.c.o   -c /home/cjdcoy/TOOLS/clion/bin/cmake/linux/share/cmake-3.14/Modules/CheckFunctionExists.c
Linking C executable cmTC_52145
/home/cjdcoy/TOOLS/clion/bin/cmake/linux/bin/cmake -E cmake_link_script CMakeFiles/cmTC_52145.dir/link.txt --verbose=1
/usr/bin/cc  -DCHECK_FUNCTION_EXISTS=pthread_create    -rdynamic CMakeFiles/cmTC_52145.dir/CheckFunctionExists.c.o  -o cmTC_52145 -lpthreads 
/usr/bin/ld: cannot find -lpthreads
collect2: error: ld returned 1 exit status
CMakeFiles/cmTC_52145.dir/build.make:86: recipe for target 'cmTC_52145' failed
make[1]: *** [cmTC_52145] Error 1
make[1]: Leaving directory '/home/cjdcoy/CUHKSZ/CSC4005/assignment_2/mpi/bin/CMakeFiles/CMakeTmp'
Makefile:121: recipe for target 'cmTC_52145/fast' failed
make: *** [cmTC_52145/fast] Error 2


