Determining if the include file pthread.h exists passed with the following output:
Change Dir: /home/cjdcoy/CUHKSZ/CSC4005/assignment_2/pthread/bin/CMakeFiles/CMakeTmp

Run Build Command(s):/usr/bin/make cmTC_d95f1/fast 
/usr/bin/make -f CMakeFiles/cmTC_d95f1.dir/build.make CMakeFiles/cmTC_d95f1.dir/build
make[1]: Entering directory '/home/cjdcoy/CUHKSZ/CSC4005/assignment_2/pthread/bin/CMakeFiles/CMakeTmp'
Building C object CMakeFiles/cmTC_d95f1.dir/CheckIncludeFile.c.o
/usr/bin/cc    -o CMakeFiles/cmTC_d95f1.dir/CheckIncludeFile.c.o   -c /home/cjdcoy/CUHKSZ/CSC4005/assignment_2/pthread/bin/CMakeFiles/CMakeTmp/CheckIncludeFile.c
Linking C executable cmTC_d95f1
/home/cjdcoy/TOOLS/clion/bin/cmake/linux/bin/cmake -E cmake_link_script CMakeFiles/cmTC_d95f1.dir/link.txt --verbose=1
/usr/bin/cc      -rdynamic CMakeFiles/cmTC_d95f1.dir/CheckIncludeFile.c.o  -o cmTC_d95f1 
make[1]: Leaving directory '/home/cjdcoy/CUHKSZ/CSC4005/assignment_2/pthread/bin/CMakeFiles/CMakeTmp'


Determining if the function pthread_create exists in the pthread passed with the following output:
Change Dir: /home/cjdcoy/CUHKSZ/CSC4005/assignment_2/pthread/bin/CMakeFiles/CMakeTmp

Run Build Command(s):/usr/bin/make cmTC_232bd/fast 
/usr/bin/make -f CMakeFiles/cmTC_232bd.dir/build.make CMakeFiles/cmTC_232bd.dir/build
make[1]: Entering directory '/home/cjdcoy/CUHKSZ/CSC4005/assignment_2/pthread/bin/CMakeFiles/CMakeTmp'
Building C object CMakeFiles/cmTC_232bd.dir/CheckFunctionExists.c.o
/usr/bin/cc   -DCHECK_FUNCTION_EXISTS=pthread_create   -o CMakeFiles/cmTC_232bd.dir/CheckFunctionExists.c.o   -c /home/cjdcoy/TOOLS/clion/bin/cmake/linux/share/cmake-3.14/Modules/CheckFunctionExists.c
Linking C executable cmTC_232bd
/home/cjdcoy/TOOLS/clion/bin/cmake/linux/bin/cmake -E cmake_link_script CMakeFiles/cmTC_232bd.dir/link.txt --verbose=1
/usr/bin/cc  -DCHECK_FUNCTION_EXISTS=pthread_create    -rdynamic CMakeFiles/cmTC_232bd.dir/CheckFunctionExists.c.o  -o cmTC_232bd -lpthread 
make[1]: Leaving directory '/home/cjdcoy/CUHKSZ/CSC4005/assignment_2/pthread/bin/CMakeFiles/CMakeTmp'


Determining if the function XOpenDisplay exists in the /usr/lib/x86_64-linux-gnu/libX11.so;/usr/lib/x86_64-linux-gnu/libXext.so passed with the following output:
Change Dir: /home/cjdcoy/CUHKSZ/CSC4005/assignment_2/pthread/bin/CMakeFiles/CMakeTmp

Run Build Command(s):/usr/bin/make cmTC_0b867/fast 
/usr/bin/make -f CMakeFiles/cmTC_0b867.dir/build.make CMakeFiles/cmTC_0b867.dir/build
make[1]: Entering directory '/home/cjdcoy/CUHKSZ/CSC4005/assignment_2/pthread/bin/CMakeFiles/CMakeTmp'
Building C object CMakeFiles/cmTC_0b867.dir/CheckFunctionExists.c.o
/usr/bin/cc   -DCHECK_FUNCTION_EXISTS=XOpenDisplay   -o CMakeFiles/cmTC_0b867.dir/CheckFunctionExists.c.o   -c /home/cjdcoy/TOOLS/clion/bin/cmake/linux/share/cmake-3.14/Modules/CheckFunctionExists.c
Linking C executable cmTC_0b867
/home/cjdcoy/TOOLS/clion/bin/cmake/linux/bin/cmake -E cmake_link_script CMakeFiles/cmTC_0b867.dir/link.txt --verbose=1
/usr/bin/cc  -DCHECK_FUNCTION_EXISTS=XOpenDisplay    -rdynamic CMakeFiles/cmTC_0b867.dir/CheckFunctionExists.c.o  -o cmTC_0b867 /usr/lib/x86_64-linux-gnu/libX11.so /usr/lib/x86_64-linux-gnu/libXext.so 
make[1]: Leaving directory '/home/cjdcoy/CUHKSZ/CSC4005/assignment_2/pthread/bin/CMakeFiles/CMakeTmp'


Determining if the function gethostbyname exists passed with the following output:
Change Dir: /home/cjdcoy/CUHKSZ/CSC4005/assignment_2/pthread/bin/CMakeFiles/CMakeTmp

Run Build Command(s):/usr/bin/make cmTC_19be7/fast 
/usr/bin/make -f CMakeFiles/cmTC_19be7.dir/build.make CMakeFiles/cmTC_19be7.dir/build
make[1]: Entering directory '/home/cjdcoy/CUHKSZ/CSC4005/assignment_2/pthread/bin/CMakeFiles/CMakeTmp'
Building C object CMakeFiles/cmTC_19be7.dir/CheckFunctionExists.c.o
/usr/bin/cc   -DCHECK_FUNCTION_EXISTS=gethostbyname   -o CMakeFiles/cmTC_19be7.dir/CheckFunctionExists.c.o   -c /home/cjdcoy/TOOLS/clion/bin/cmake/linux/share/cmake-3.14/Modules/CheckFunctionExists.c
Linking C executable cmTC_19be7
/home/cjdcoy/TOOLS/clion/bin/cmake/linux/bin/cmake -E cmake_link_script CMakeFiles/cmTC_19be7.dir/link.txt --verbose=1
/usr/bin/cc  -DCHECK_FUNCTION_EXISTS=gethostbyname    -rdynamic CMakeFiles/cmTC_19be7.dir/CheckFunctionExists.c.o  -o cmTC_19be7 
make[1]: Leaving directory '/home/cjdcoy/CUHKSZ/CSC4005/assignment_2/pthread/bin/CMakeFiles/CMakeTmp'


Determining if the function connect exists passed with the following output:
Change Dir: /home/cjdcoy/CUHKSZ/CSC4005/assignment_2/pthread/bin/CMakeFiles/CMakeTmp

Run Build Command(s):/usr/bin/make cmTC_03ece/fast 
/usr/bin/make -f CMakeFiles/cmTC_03ece.dir/build.make CMakeFiles/cmTC_03ece.dir/build
make[1]: Entering directory '/home/cjdcoy/CUHKSZ/CSC4005/assignment_2/pthread/bin/CMakeFiles/CMakeTmp'
Building C object CMakeFiles/cmTC_03ece.dir/CheckFunctionExists.c.o
/usr/bin/cc   -DCHECK_FUNCTION_EXISTS=connect   -o CMakeFiles/cmTC_03ece.dir/CheckFunctionExists.c.o   -c /home/cjdcoy/TOOLS/clion/bin/cmake/linux/share/cmake-3.14/Modules/CheckFunctionExists.c
Linking C executable cmTC_03ece
/home/cjdcoy/TOOLS/clion/bin/cmake/linux/bin/cmake -E cmake_link_script CMakeFiles/cmTC_03ece.dir/link.txt --verbose=1
/usr/bin/cc  -DCHECK_FUNCTION_EXISTS=connect    -rdynamic CMakeFiles/cmTC_03ece.dir/CheckFunctionExists.c.o  -o cmTC_03ece 
make[1]: Leaving directory '/home/cjdcoy/CUHKSZ/CSC4005/assignment_2/pthread/bin/CMakeFiles/CMakeTmp'


Determining if the function remove exists passed with the following output:
Change Dir: /home/cjdcoy/CUHKSZ/CSC4005/assignment_2/pthread/bin/CMakeFiles/CMakeTmp

Run Build Command(s):/usr/bin/make cmTC_7153c/fast 
/usr/bin/make -f CMakeFiles/cmTC_7153c.dir/build.make CMakeFiles/cmTC_7153c.dir/build
make[1]: Entering directory '/home/cjdcoy/CUHKSZ/CSC4005/assignment_2/pthread/bin/CMakeFiles/CMakeTmp'
Building C object CMakeFiles/cmTC_7153c.dir/CheckFunctionExists.c.o
/usr/bin/cc   -DCHECK_FUNCTION_EXISTS=remove   -o CMakeFiles/cmTC_7153c.dir/CheckFunctionExists.c.o   -c /home/cjdcoy/TOOLS/clion/bin/cmake/linux/share/cmake-3.14/Modules/CheckFunctionExists.c
Linking C executable cmTC_7153c
/home/cjdcoy/TOOLS/clion/bin/cmake/linux/bin/cmake -E cmake_link_script CMakeFiles/cmTC_7153c.dir/link.txt --verbose=1
/usr/bin/cc  -DCHECK_FUNCTION_EXISTS=remove    -rdynamic CMakeFiles/cmTC_7153c.dir/CheckFunctionExists.c.o  -o cmTC_7153c 
make[1]: Leaving directory '/home/cjdcoy/CUHKSZ/CSC4005/assignment_2/pthread/bin/CMakeFiles/CMakeTmp'


Determining if the function shmat exists passed with the following output:
Change Dir: /home/cjdcoy/CUHKSZ/CSC4005/assignment_2/pthread/bin/CMakeFiles/CMakeTmp

Run Build Command(s):/usr/bin/make cmTC_b7dd4/fast 
/usr/bin/make -f CMakeFiles/cmTC_b7dd4.dir/build.make CMakeFiles/cmTC_b7dd4.dir/build
make[1]: Entering directory '/home/cjdcoy/CUHKSZ/CSC4005/assignment_2/pthread/bin/CMakeFiles/CMakeTmp'
Building C object CMakeFiles/cmTC_b7dd4.dir/CheckFunctionExists.c.o
/usr/bin/cc   -DCHECK_FUNCTION_EXISTS=shmat   -o CMakeFiles/cmTC_b7dd4.dir/CheckFunctionExists.c.o   -c /home/cjdcoy/TOOLS/clion/bin/cmake/linux/share/cmake-3.14/Modules/CheckFunctionExists.c
Linking C executable cmTC_b7dd4
/home/cjdcoy/TOOLS/clion/bin/cmake/linux/bin/cmake -E cmake_link_script CMakeFiles/cmTC_b7dd4.dir/link.txt --verbose=1
/usr/bin/cc  -DCHECK_FUNCTION_EXISTS=shmat    -rdynamic CMakeFiles/cmTC_b7dd4.dir/CheckFunctionExists.c.o  -o cmTC_b7dd4 
make[1]: Leaving directory '/home/cjdcoy/CUHKSZ/CSC4005/assignment_2/pthread/bin/CMakeFiles/CMakeTmp'


Determining if the function IceConnectionNumber exists in the ICE passed with the following output:
Change Dir: /home/cjdcoy/CUHKSZ/CSC4005/assignment_2/pthread/bin/CMakeFiles/CMakeTmp

Run Build Command(s):/usr/bin/make cmTC_a7b9a/fast 
/usr/bin/make -f CMakeFiles/cmTC_a7b9a.dir/build.make CMakeFiles/cmTC_a7b9a.dir/build
make[1]: Entering directory '/home/cjdcoy/CUHKSZ/CSC4005/assignment_2/pthread/bin/CMakeFiles/CMakeTmp'
Building C object CMakeFiles/cmTC_a7b9a.dir/CheckFunctionExists.c.o
/usr/bin/cc   -DCHECK_FUNCTION_EXISTS=IceConnectionNumber   -o CMakeFiles/cmTC_a7b9a.dir/CheckFunctionExists.c.o   -c /home/cjdcoy/TOOLS/clion/bin/cmake/linux/share/cmake-3.14/Modules/CheckFunctionExists.c
Linking C executable cmTC_a7b9a
/home/cjdcoy/TOOLS/clion/bin/cmake/linux/bin/cmake -E cmake_link_script CMakeFiles/cmTC_a7b9a.dir/link.txt --verbose=1
/usr/bin/cc  -DCHECK_FUNCTION_EXISTS=IceConnectionNumber    -rdynamic CMakeFiles/cmTC_a7b9a.dir/CheckFunctionExists.c.o  -o cmTC_a7b9a -lICE 
make[1]: Leaving directory '/home/cjdcoy/CUHKSZ/CSC4005/assignment_2/pthread/bin/CMakeFiles/CMakeTmp'


Determining if the include file pthread.h exists passed with the following output:
Change Dir: /home/cjdcoy/CUHKSZ/CSC4005/assignment_2/pthread/bin/CMakeFiles/CMakeTmp

Run Build Command(s):/usr/bin/make cmTC_6410b/fast && /usr/bin/make -f CMakeFiles/cmTC_6410b.dir/build.make CMakeFiles/cmTC_6410b.dir/build
make[1]: Entering directory '/home/cjdcoy/CUHKSZ/CSC4005/assignment_2/pthread/bin/CMakeFiles/CMakeTmp'
Building C object CMakeFiles/cmTC_6410b.dir/CheckIncludeFile.c.o
/usr/bin/cc    -o CMakeFiles/cmTC_6410b.dir/CheckIncludeFile.c.o   -c /home/cjdcoy/CUHKSZ/CSC4005/assignment_2/pthread/bin/CMakeFiles/CMakeTmp/CheckIncludeFile.c
Linking C executable cmTC_6410b
/usr/local/bin/cmake -E cmake_link_script CMakeFiles/cmTC_6410b.dir/link.txt --verbose=1
/usr/bin/cc      -rdynamic CMakeFiles/cmTC_6410b.dir/CheckIncludeFile.c.o  -o cmTC_6410b 
make[1]: Leaving directory '/home/cjdcoy/CUHKSZ/CSC4005/assignment_2/pthread/bin/CMakeFiles/CMakeTmp'



Determining if the function pthread_create exists in the pthread passed with the following output:
Change Dir: /home/cjdcoy/CUHKSZ/CSC4005/assignment_2/pthread/bin/CMakeFiles/CMakeTmp

Run Build Command(s):/usr/bin/make cmTC_011a1/fast && /usr/bin/make -f CMakeFiles/cmTC_011a1.dir/build.make CMakeFiles/cmTC_011a1.dir/build
make[1]: Entering directory '/home/cjdcoy/CUHKSZ/CSC4005/assignment_2/pthread/bin/CMakeFiles/CMakeTmp'
Building C object CMakeFiles/cmTC_011a1.dir/CheckFunctionExists.c.o
/usr/bin/cc   -DCHECK_FUNCTION_EXISTS=pthread_create   -o CMakeFiles/cmTC_011a1.dir/CheckFunctionExists.c.o   -c /usr/local/share/cmake-3.15/Modules/CheckFunctionExists.c
Linking C executable cmTC_011a1
/usr/local/bin/cmake -E cmake_link_script CMakeFiles/cmTC_011a1.dir/link.txt --verbose=1
/usr/bin/cc  -DCHECK_FUNCTION_EXISTS=pthread_create    -rdynamic CMakeFiles/cmTC_011a1.dir/CheckFunctionExists.c.o  -o cmTC_011a1 -lpthread 
make[1]: Leaving directory '/home/cjdcoy/CUHKSZ/CSC4005/assignment_2/pthread/bin/CMakeFiles/CMakeTmp'



Determining if the function XOpenDisplay exists in the /usr/lib/x86_64-linux-gnu/libX11.so;/usr/lib/x86_64-linux-gnu/libXext.so passed with the following output:
Change Dir: /home/cjdcoy/CUHKSZ/CSC4005/assignment_2/pthread/bin/CMakeFiles/CMakeTmp

Run Build Command(s):/usr/bin/make cmTC_8a9cf/fast && /usr/bin/make -f CMakeFiles/cmTC_8a9cf.dir/build.make CMakeFiles/cmTC_8a9cf.dir/build
make[1]: Entering directory '/home/cjdcoy/CUHKSZ/CSC4005/assignment_2/pthread/bin/CMakeFiles/CMakeTmp'
Building C object CMakeFiles/cmTC_8a9cf.dir/CheckFunctionExists.c.o
/usr/bin/cc   -DCHECK_FUNCTION_EXISTS=XOpenDisplay   -o CMakeFiles/cmTC_8a9cf.dir/CheckFunctionExists.c.o   -c /usr/local/share/cmake-3.15/Modules/CheckFunctionExists.c
Linking C executable cmTC_8a9cf
/usr/local/bin/cmake -E cmake_link_script CMakeFiles/cmTC_8a9cf.dir/link.txt --verbose=1
/usr/bin/cc  -DCHECK_FUNCTION_EXISTS=XOpenDisplay    -rdynamic CMakeFiles/cmTC_8a9cf.dir/CheckFunctionExists.c.o  -o cmTC_8a9cf /usr/lib/x86_64-linux-gnu/libX11.so /usr/lib/x86_64-linux-gnu/libXext.so 
make[1]: Leaving directory '/home/cjdcoy/CUHKSZ/CSC4005/assignment_2/pthread/bin/CMakeFiles/CMakeTmp'



Determining if the function gethostbyname exists passed with the following output:
Change Dir: /home/cjdcoy/CUHKSZ/CSC4005/assignment_2/pthread/bin/CMakeFiles/CMakeTmp

Run Build Command(s):/usr/bin/make cmTC_58a4d/fast && /usr/bin/make -f CMakeFiles/cmTC_58a4d.dir/build.make CMakeFiles/cmTC_58a4d.dir/build
make[1]: Entering directory '/home/cjdcoy/CUHKSZ/CSC4005/assignment_2/pthread/bin/CMakeFiles/CMakeTmp'
Building C object CMakeFiles/cmTC_58a4d.dir/CheckFunctionExists.c.o
/usr/bin/cc   -DCHECK_FUNCTION_EXISTS=gethostbyname   -o CMakeFiles/cmTC_58a4d.dir/CheckFunctionExists.c.o   -c /usr/local/share/cmake-3.15/Modules/CheckFunctionExists.c
Linking C executable cmTC_58a4d
/usr/local/bin/cmake -E cmake_link_script CMakeFiles/cmTC_58a4d.dir/link.txt --verbose=1
/usr/bin/cc  -DCHECK_FUNCTION_EXISTS=gethostbyname    -rdynamic CMakeFiles/cmTC_58a4d.dir/CheckFunctionExists.c.o  -o cmTC_58a4d 
make[1]: Leaving directory '/home/cjdcoy/CUHKSZ/CSC4005/assignment_2/pthread/bin/CMakeFiles/CMakeTmp'



Determining if the function connect exists passed with the following output:
Change Dir: /home/cjdcoy/CUHKSZ/CSC4005/assignment_2/pthread/bin/CMakeFiles/CMakeTmp

Run Build Command(s):/usr/bin/make cmTC_014f8/fast && /usr/bin/make -f CMakeFiles/cmTC_014f8.dir/build.make CMakeFiles/cmTC_014f8.dir/build
make[1]: Entering directory '/home/cjdcoy/CUHKSZ/CSC4005/assignment_2/pthread/bin/CMakeFiles/CMakeTmp'
Building C object CMakeFiles/cmTC_014f8.dir/CheckFunctionExists.c.o
/usr/bin/cc   -DCHECK_FUNCTION_EXISTS=connect   -o CMakeFiles/cmTC_014f8.dir/CheckFunctionExists.c.o   -c /usr/local/share/cmake-3.15/Modules/CheckFunctionExists.c
Linking C executable cmTC_014f8
/usr/local/bin/cmake -E cmake_link_script CMakeFiles/cmTC_014f8.dir/link.txt --verbose=1
/usr/bin/cc  -DCHECK_FUNCTION_EXISTS=connect    -rdynamic CMakeFiles/cmTC_014f8.dir/CheckFunctionExists.c.o  -o cmTC_014f8 
make[1]: Leaving directory '/home/cjdcoy/CUHKSZ/CSC4005/assignment_2/pthread/bin/CMakeFiles/CMakeTmp'



Determining if the function remove exists passed with the following output:
Change Dir: /home/cjdcoy/CUHKSZ/CSC4005/assignment_2/pthread/bin/CMakeFiles/CMakeTmp

Run Build Command(s):/usr/bin/make cmTC_d3363/fast && /usr/bin/make -f CMakeFiles/cmTC_d3363.dir/build.make CMakeFiles/cmTC_d3363.dir/build
make[1]: Entering directory '/home/cjdcoy/CUHKSZ/CSC4005/assignment_2/pthread/bin/CMakeFiles/CMakeTmp'
Building C object CMakeFiles/cmTC_d3363.dir/CheckFunctionExists.c.o
/usr/bin/cc   -DCHECK_FUNCTION_EXISTS=remove   -o CMakeFiles/cmTC_d3363.dir/CheckFunctionExists.c.o   -c /usr/local/share/cmake-3.15/Modules/CheckFunctionExists.c
Linking C executable cmTC_d3363
/usr/local/bin/cmake -E cmake_link_script CMakeFiles/cmTC_d3363.dir/link.txt --verbose=1
/usr/bin/cc  -DCHECK_FUNCTION_EXISTS=remove    -rdynamic CMakeFiles/cmTC_d3363.dir/CheckFunctionExists.c.o  -o cmTC_d3363 
make[1]: Leaving directory '/home/cjdcoy/CUHKSZ/CSC4005/assignment_2/pthread/bin/CMakeFiles/CMakeTmp'



Determining if the function shmat exists passed with the following output:
Change Dir: /home/cjdcoy/CUHKSZ/CSC4005/assignment_2/pthread/bin/CMakeFiles/CMakeTmp

Run Build Command(s):/usr/bin/make cmTC_53fcd/fast && /usr/bin/make -f CMakeFiles/cmTC_53fcd.dir/build.make CMakeFiles/cmTC_53fcd.dir/build
make[1]: Entering directory '/home/cjdcoy/CUHKSZ/CSC4005/assignment_2/pthread/bin/CMakeFiles/CMakeTmp'
Building C object CMakeFiles/cmTC_53fcd.dir/CheckFunctionExists.c.o
/usr/bin/cc   -DCHECK_FUNCTION_EXISTS=shmat   -o CMakeFiles/cmTC_53fcd.dir/CheckFunctionExists.c.o   -c /usr/local/share/cmake-3.15/Modules/CheckFunctionExists.c
Linking C executable cmTC_53fcd
/usr/local/bin/cmake -E cmake_link_script CMakeFiles/cmTC_53fcd.dir/link.txt --verbose=1
/usr/bin/cc  -DCHECK_FUNCTION_EXISTS=shmat    -rdynamic CMakeFiles/cmTC_53fcd.dir/CheckFunctionExists.c.o  -o cmTC_53fcd 
make[1]: Leaving directory '/home/cjdcoy/CUHKSZ/CSC4005/assignment_2/pthread/bin/CMakeFiles/CMakeTmp'



Determining if the function IceConnectionNumber exists in the ICE passed with the following output:
Change Dir: /home/cjdcoy/CUHKSZ/CSC4005/assignment_2/pthread/bin/CMakeFiles/CMakeTmp

Run Build Command(s):/usr/bin/make cmTC_71007/fast && /usr/bin/make -f CMakeFiles/cmTC_71007.dir/build.make CMakeFiles/cmTC_71007.dir/build
make[1]: Entering directory '/home/cjdcoy/CUHKSZ/CSC4005/assignment_2/pthread/bin/CMakeFiles/CMakeTmp'
Building C object CMakeFiles/cmTC_71007.dir/CheckFunctionExists.c.o
/usr/bin/cc   -DCHECK_FUNCTION_EXISTS=IceConnectionNumber   -o CMakeFiles/cmTC_71007.dir/CheckFunctionExists.c.o   -c /usr/local/share/cmake-3.15/Modules/CheckFunctionExists.c
Linking C executable cmTC_71007
/usr/local/bin/cmake -E cmake_link_script CMakeFiles/cmTC_71007.dir/link.txt --verbose=1
/usr/bin/cc  -DCHECK_FUNCTION_EXISTS=IceConnectionNumber    -rdynamic CMakeFiles/cmTC_71007.dir/CheckFunctionExists.c.o  -o cmTC_71007 -lICE 
make[1]: Leaving directory '/home/cjdcoy/CUHKSZ/CSC4005/assignment_2/pthread/bin/CMakeFiles/CMakeTmp'



Determining if the include file pthread.h exists passed with the following output:
Change Dir: /home/cjdcoy/CUHKSZ/CSC4005/assignment_2/119100002/pthread/bin/CMakeFiles/CMakeTmp

Run Build Command(s):/usr/bin/make cmTC_13400/fast 
/usr/bin/make -f CMakeFiles/cmTC_13400.dir/build.make CMakeFiles/cmTC_13400.dir/build
make[1]: Entering directory '/home/cjdcoy/CUHKSZ/CSC4005/assignment_2/119100002/pthread/bin/CMakeFiles/CMakeTmp'
Building C object CMakeFiles/cmTC_13400.dir/CheckIncludeFile.c.o
/usr/bin/cc    -o CMakeFiles/cmTC_13400.dir/CheckIncludeFile.c.o   -c /home/cjdcoy/CUHKSZ/CSC4005/assignment_2/119100002/pthread/bin/CMakeFiles/CMakeTmp/CheckIncludeFile.c
Linking C executable cmTC_13400
/home/cjdcoy/TOOLS/clion/bin/cmake/linux/bin/cmake -E cmake_link_script CMakeFiles/cmTC_13400.dir/link.txt --verbose=1
/usr/bin/cc      -rdynamic CMakeFiles/cmTC_13400.dir/CheckIncludeFile.c.o  -o cmTC_13400 
make[1]: Leaving directory '/home/cjdcoy/CUHKSZ/CSC4005/assignment_2/119100002/pthread/bin/CMakeFiles/CMakeTmp'


Determining if the function pthread_create exists in the pthread passed with the following output:
Change Dir: /home/cjdcoy/CUHKSZ/CSC4005/assignment_2/119100002/pthread/bin/CMakeFiles/CMakeTmp

Run Build Command(s):/usr/bin/make cmTC_fd9e6/fast 
/usr/bin/make -f CMakeFiles/cmTC_fd9e6.dir/build.make CMakeFiles/cmTC_fd9e6.dir/build
make[1]: Entering directory '/home/cjdcoy/CUHKSZ/CSC4005/assignment_2/119100002/pthread/bin/CMakeFiles/CMakeTmp'
Building C object CMakeFiles/cmTC_fd9e6.dir/CheckFunctionExists.c.o
/usr/bin/cc   -DCHECK_FUNCTION_EXISTS=pthread_create   -o CMakeFiles/cmTC_fd9e6.dir/CheckFunctionExists.c.o   -c /home/cjdcoy/TOOLS/clion/bin/cmake/linux/share/cmake-3.14/Modules/CheckFunctionExists.c
Linking C executable cmTC_fd9e6
/home/cjdcoy/TOOLS/clion/bin/cmake/linux/bin/cmake -E cmake_link_script CMakeFiles/cmTC_fd9e6.dir/link.txt --verbose=1
/usr/bin/cc  -DCHECK_FUNCTION_EXISTS=pthread_create    -rdynamic CMakeFiles/cmTC_fd9e6.dir/CheckFunctionExists.c.o  -o cmTC_fd9e6 -lpthread 
make[1]: Leaving directory '/home/cjdcoy/CUHKSZ/CSC4005/assignment_2/119100002/pthread/bin/CMakeFiles/CMakeTmp'


Determining if the function XOpenDisplay exists in the /usr/lib/x86_64-linux-gnu/libX11.so;/usr/lib/x86_64-linux-gnu/libXext.so passed with the following output:
Change Dir: /home/cjdcoy/CUHKSZ/CSC4005/assignment_2/119100002/pthread/bin/CMakeFiles/CMakeTmp

Run Build Command(s):/usr/bin/make cmTC_fe388/fast 
/usr/bin/make -f CMakeFiles/cmTC_fe388.dir/build.make CMakeFiles/cmTC_fe388.dir/build
make[1]: Entering directory '/home/cjdcoy/CUHKSZ/CSC4005/assignment_2/119100002/pthread/bin/CMakeFiles/CMakeTmp'
Building C object CMakeFiles/cmTC_fe388.dir/CheckFunctionExists.c.o
/usr/bin/cc   -DCHECK_FUNCTION_EXISTS=XOpenDisplay   -o CMakeFiles/cmTC_fe388.dir/CheckFunctionExists.c.o   -c /home/cjdcoy/TOOLS/clion/bin/cmake/linux/share/cmake-3.14/Modules/CheckFunctionExists.c
Linking C executable cmTC_fe388
/home/cjdcoy/TOOLS/clion/bin/cmake/linux/bin/cmake -E cmake_link_script CMakeFiles/cmTC_fe388.dir/link.txt --verbose=1
/usr/bin/cc  -DCHECK_FUNCTION_EXISTS=XOpenDisplay    -rdynamic CMakeFiles/cmTC_fe388.dir/CheckFunctionExists.c.o  -o cmTC_fe388 /usr/lib/x86_64-linux-gnu/libX11.so /usr/lib/x86_64-linux-gnu/libXext.so 
make[1]: Leaving directory '/home/cjdcoy/CUHKSZ/CSC4005/assignment_2/119100002/pthread/bin/CMakeFiles/CMakeTmp'


Determining if the function gethostbyname exists passed with the following output:
Change Dir: /home/cjdcoy/CUHKSZ/CSC4005/assignment_2/119100002/pthread/bin/CMakeFiles/CMakeTmp

Run Build Command(s):/usr/bin/make cmTC_8929d/fast 
/usr/bin/make -f CMakeFiles/cmTC_8929d.dir/build.make CMakeFiles/cmTC_8929d.dir/build
make[1]: Entering directory '/home/cjdcoy/CUHKSZ/CSC4005/assignment_2/119100002/pthread/bin/CMakeFiles/CMakeTmp'
Building C object CMakeFiles/cmTC_8929d.dir/CheckFunctionExists.c.o
/usr/bin/cc   -DCHECK_FUNCTION_EXISTS=gethostbyname   -o CMakeFiles/cmTC_8929d.dir/CheckFunctionExists.c.o   -c /home/cjdcoy/TOOLS/clion/bin/cmake/linux/share/cmake-3.14/Modules/CheckFunctionExists.c
Linking C executable cmTC_8929d
/home/cjdcoy/TOOLS/clion/bin/cmake/linux/bin/cmake -E cmake_link_script CMakeFiles/cmTC_8929d.dir/link.txt --verbose=1
/usr/bin/cc  -DCHECK_FUNCTION_EXISTS=gethostbyname    -rdynamic CMakeFiles/cmTC_8929d.dir/CheckFunctionExists.c.o  -o cmTC_8929d 
make[1]: Leaving directory '/home/cjdcoy/CUHKSZ/CSC4005/assignment_2/119100002/pthread/bin/CMakeFiles/CMakeTmp'


Determining if the function connect exists passed with the following output:
Change Dir: /home/cjdcoy/CUHKSZ/CSC4005/assignment_2/119100002/pthread/bin/CMakeFiles/CMakeTmp

Run Build Command(s):/usr/bin/make cmTC_fa282/fast 
/usr/bin/make -f CMakeFiles/cmTC_fa282.dir/build.make CMakeFiles/cmTC_fa282.dir/build
make[1]: Entering directory '/home/cjdcoy/CUHKSZ/CSC4005/assignment_2/119100002/pthread/bin/CMakeFiles/CMakeTmp'
Building C object CMakeFiles/cmTC_fa282.dir/CheckFunctionExists.c.o
/usr/bin/cc   -DCHECK_FUNCTION_EXISTS=connect   -o CMakeFiles/cmTC_fa282.dir/CheckFunctionExists.c.o   -c /home/cjdcoy/TOOLS/clion/bin/cmake/linux/share/cmake-3.14/Modules/CheckFunctionExists.c
Linking C executable cmTC_fa282
/home/cjdcoy/TOOLS/clion/bin/cmake/linux/bin/cmake -E cmake_link_script CMakeFiles/cmTC_fa282.dir/link.txt --verbose=1
/usr/bin/cc  -DCHECK_FUNCTION_EXISTS=connect    -rdynamic CMakeFiles/cmTC_fa282.dir/CheckFunctionExists.c.o  -o cmTC_fa282 
make[1]: Leaving directory '/home/cjdcoy/CUHKSZ/CSC4005/assignment_2/119100002/pthread/bin/CMakeFiles/CMakeTmp'


Determining if the function remove exists passed with the following output:
Change Dir: /home/cjdcoy/CUHKSZ/CSC4005/assignment_2/119100002/pthread/bin/CMakeFiles/CMakeTmp

Run Build Command(s):/usr/bin/make cmTC_4e9d9/fast 
/usr/bin/make -f CMakeFiles/cmTC_4e9d9.dir/build.make CMakeFiles/cmTC_4e9d9.dir/build
make[1]: Entering directory '/home/cjdcoy/CUHKSZ/CSC4005/assignment_2/119100002/pthread/bin/CMakeFiles/CMakeTmp'
Building C object CMakeFiles/cmTC_4e9d9.dir/CheckFunctionExists.c.o
/usr/bin/cc   -DCHECK_FUNCTION_EXISTS=remove   -o CMakeFiles/cmTC_4e9d9.dir/CheckFunctionExists.c.o   -c /home/cjdcoy/TOOLS/clion/bin/cmake/linux/share/cmake-3.14/Modules/CheckFunctionExists.c
Linking C executable cmTC_4e9d9
/home/cjdcoy/TOOLS/clion/bin/cmake/linux/bin/cmake -E cmake_link_script CMakeFiles/cmTC_4e9d9.dir/link.txt --verbose=1
/usr/bin/cc  -DCHECK_FUNCTION_EXISTS=remove    -rdynamic CMakeFiles/cmTC_4e9d9.dir/CheckFunctionExists.c.o  -o cmTC_4e9d9 
make[1]: Leaving directory '/home/cjdcoy/CUHKSZ/CSC4005/assignment_2/119100002/pthread/bin/CMakeFiles/CMakeTmp'


Determining if the function shmat exists passed with the following output:
Change Dir: /home/cjdcoy/CUHKSZ/CSC4005/assignment_2/119100002/pthread/bin/CMakeFiles/CMakeTmp

Run Build Command(s):/usr/bin/make cmTC_bf640/fast 
/usr/bin/make -f CMakeFiles/cmTC_bf640.dir/build.make CMakeFiles/cmTC_bf640.dir/build
make[1]: Entering directory '/home/cjdcoy/CUHKSZ/CSC4005/assignment_2/119100002/pthread/bin/CMakeFiles/CMakeTmp'
Building C object CMakeFiles/cmTC_bf640.dir/CheckFunctionExists.c.o
/usr/bin/cc   -DCHECK_FUNCTION_EXISTS=shmat   -o CMakeFiles/cmTC_bf640.dir/CheckFunctionExists.c.o   -c /home/cjdcoy/TOOLS/clion/bin/cmake/linux/share/cmake-3.14/Modules/CheckFunctionExists.c
Linking C executable cmTC_bf640
/home/cjdcoy/TOOLS/clion/bin/cmake/linux/bin/cmake -E cmake_link_script CMakeFiles/cmTC_bf640.dir/link.txt --verbose=1
/usr/bin/cc  -DCHECK_FUNCTION_EXISTS=shmat    -rdynamic CMakeFiles/cmTC_bf640.dir/CheckFunctionExists.c.o  -o cmTC_bf640 
make[1]: Leaving directory '/home/cjdcoy/CUHKSZ/CSC4005/assignment_2/119100002/pthread/bin/CMakeFiles/CMakeTmp'


Determining if the function IceConnectionNumber exists in the ICE passed with the following output:
Change Dir: /home/cjdcoy/CUHKSZ/CSC4005/assignment_2/119100002/pthread/bin/CMakeFiles/CMakeTmp

Run Build Command(s):/usr/bin/make cmTC_6e67d/fast 
/usr/bin/make -f CMakeFiles/cmTC_6e67d.dir/build.make CMakeFiles/cmTC_6e67d.dir/build
make[1]: Entering directory '/home/cjdcoy/CUHKSZ/CSC4005/assignment_2/119100002/pthread/bin/CMakeFiles/CMakeTmp'
Building C object CMakeFiles/cmTC_6e67d.dir/CheckFunctionExists.c.o
/usr/bin/cc   -DCHECK_FUNCTION_EXISTS=IceConnectionNumber   -o CMakeFiles/cmTC_6e67d.dir/CheckFunctionExists.c.o   -c /home/cjdcoy/TOOLS/clion/bin/cmake/linux/share/cmake-3.14/Modules/CheckFunctionExists.c
Linking C executable cmTC_6e67d
/home/cjdcoy/TOOLS/clion/bin/cmake/linux/bin/cmake -E cmake_link_script CMakeFiles/cmTC_6e67d.dir/link.txt --verbose=1
/usr/bin/cc  -DCHECK_FUNCTION_EXISTS=IceConnectionNumber    -rdynamic CMakeFiles/cmTC_6e67d.dir/CheckFunctionExists.c.o  -o cmTC_6e67d -lICE 
make[1]: Leaving directory '/home/cjdcoy/CUHKSZ/CSC4005/assignment_2/119100002/pthread/bin/CMakeFiles/CMakeTmp'


Determining if the include file pthread.h exists passed with the following output:
Change Dir: /home/cjdcoy/CUHKSZ/CSC4005/assignment_2/119100002/pthread/bin/CMakeFiles/CMakeTmp

Run Build Command(s):/usr/bin/make cmTC_3935b/fast && /usr/bin/make -f CMakeFiles/cmTC_3935b.dir/build.make CMakeFiles/cmTC_3935b.dir/build
make[1]: Entering directory '/home/cjdcoy/CUHKSZ/CSC4005/assignment_2/119100002/pthread/bin/CMakeFiles/CMakeTmp'
Building C object CMakeFiles/cmTC_3935b.dir/CheckIncludeFile.c.o
/usr/bin/cc    -o CMakeFiles/cmTC_3935b.dir/CheckIncludeFile.c.o   -c /home/cjdcoy/CUHKSZ/CSC4005/assignment_2/119100002/pthread/bin/CMakeFiles/CMakeTmp/CheckIncludeFile.c
Linking C executable cmTC_3935b
/usr/local/bin/cmake -E cmake_link_script CMakeFiles/cmTC_3935b.dir/link.txt --verbose=1
/usr/bin/cc      -rdynamic CMakeFiles/cmTC_3935b.dir/CheckIncludeFile.c.o  -o cmTC_3935b 
make[1]: Leaving directory '/home/cjdcoy/CUHKSZ/CSC4005/assignment_2/119100002/pthread/bin/CMakeFiles/CMakeTmp'



Determining if the function pthread_create exists in the pthread passed with the following output:
Change Dir: /home/cjdcoy/CUHKSZ/CSC4005/assignment_2/119100002/pthread/bin/CMakeFiles/CMakeTmp

Run Build Command(s):/usr/bin/make cmTC_c5313/fast && /usr/bin/make -f CMakeFiles/cmTC_c5313.dir/build.make CMakeFiles/cmTC_c5313.dir/build
make[1]: Entering directory '/home/cjdcoy/CUHKSZ/CSC4005/assignment_2/119100002/pthread/bin/CMakeFiles/CMakeTmp'
Building C object CMakeFiles/cmTC_c5313.dir/CheckFunctionExists.c.o
/usr/bin/cc   -DCHECK_FUNCTION_EXISTS=pthread_create   -o CMakeFiles/cmTC_c5313.dir/CheckFunctionExists.c.o   -c /usr/local/share/cmake-3.15/Modules/CheckFunctionExists.c
Linking C executable cmTC_c5313
/usr/local/bin/cmake -E cmake_link_script CMakeFiles/cmTC_c5313.dir/link.txt --verbose=1
/usr/bin/cc  -DCHECK_FUNCTION_EXISTS=pthread_create    -rdynamic CMakeFiles/cmTC_c5313.dir/CheckFunctionExists.c.o  -o cmTC_c5313 -lpthread 
make[1]: Leaving directory '/home/cjdcoy/CUHKSZ/CSC4005/assignment_2/119100002/pthread/bin/CMakeFiles/CMakeTmp'



Determining if the function XOpenDisplay exists in the /usr/lib/x86_64-linux-gnu/libX11.so;/usr/lib/x86_64-linux-gnu/libXext.so passed with the following output:
Change Dir: /home/cjdcoy/CUHKSZ/CSC4005/assignment_2/119100002/pthread/bin/CMakeFiles/CMakeTmp

Run Build Command(s):/usr/bin/make cmTC_2c826/fast && /usr/bin/make -f CMakeFiles/cmTC_2c826.dir/build.make CMakeFiles/cmTC_2c826.dir/build
make[1]: Entering directory '/home/cjdcoy/CUHKSZ/CSC4005/assignment_2/119100002/pthread/bin/CMakeFiles/CMakeTmp'
Building C object CMakeFiles/cmTC_2c826.dir/CheckFunctionExists.c.o
/usr/bin/cc   -DCHECK_FUNCTION_EXISTS=XOpenDisplay   -o CMakeFiles/cmTC_2c826.dir/CheckFunctionExists.c.o   -c /usr/local/share/cmake-3.15/Modules/CheckFunctionExists.c
Linking C executable cmTC_2c826
/usr/local/bin/cmake -E cmake_link_script CMakeFiles/cmTC_2c826.dir/link.txt --verbose=1
/usr/bin/cc  -DCHECK_FUNCTION_EXISTS=XOpenDisplay    -rdynamic CMakeFiles/cmTC_2c826.dir/CheckFunctionExists.c.o  -o cmTC_2c826 /usr/lib/x86_64-linux-gnu/libX11.so /usr/lib/x86_64-linux-gnu/libXext.so 
make[1]: Leaving directory '/home/cjdcoy/CUHKSZ/CSC4005/assignment_2/119100002/pthread/bin/CMakeFiles/CMakeTmp'



Determining if the function gethostbyname exists passed with the following output:
Change Dir: /home/cjdcoy/CUHKSZ/CSC4005/assignment_2/119100002/pthread/bin/CMakeFiles/CMakeTmp

Run Build Command(s):/usr/bin/make cmTC_fb0fc/fast && /usr/bin/make -f CMakeFiles/cmTC_fb0fc.dir/build.make CMakeFiles/cmTC_fb0fc.dir/build
make[1]: Entering directory '/home/cjdcoy/CUHKSZ/CSC4005/assignment_2/119100002/pthread/bin/CMakeFiles/CMakeTmp'
Building C object CMakeFiles/cmTC_fb0fc.dir/CheckFunctionExists.c.o
/usr/bin/cc   -DCHECK_FUNCTION_EXISTS=gethostbyname   -o CMakeFiles/cmTC_fb0fc.dir/CheckFunctionExists.c.o   -c /usr/local/share/cmake-3.15/Modules/CheckFunctionExists.c
Linking C executable cmTC_fb0fc
/usr/local/bin/cmake -E cmake_link_script CMakeFiles/cmTC_fb0fc.dir/link.txt --verbose=1
/usr/bin/cc  -DCHECK_FUNCTION_EXISTS=gethostbyname    -rdynamic CMakeFiles/cmTC_fb0fc.dir/CheckFunctionExists.c.o  -o cmTC_fb0fc 
make[1]: Leaving directory '/home/cjdcoy/CUHKSZ/CSC4005/assignment_2/119100002/pthread/bin/CMakeFiles/CMakeTmp'



Determining if the function connect exists passed with the following output:
Change Dir: /home/cjdcoy/CUHKSZ/CSC4005/assignment_2/119100002/pthread/bin/CMakeFiles/CMakeTmp

Run Build Command(s):/usr/bin/make cmTC_3056d/fast && /usr/bin/make -f CMakeFiles/cmTC_3056d.dir/build.make CMakeFiles/cmTC_3056d.dir/build
make[1]: Entering directory '/home/cjdcoy/CUHKSZ/CSC4005/assignment_2/119100002/pthread/bin/CMakeFiles/CMakeTmp'
Building C object CMakeFiles/cmTC_3056d.dir/CheckFunctionExists.c.o
/usr/bin/cc   -DCHECK_FUNCTION_EXISTS=connect   -o CMakeFiles/cmTC_3056d.dir/CheckFunctionExists.c.o   -c /usr/local/share/cmake-3.15/Modules/CheckFunctionExists.c
Linking C executable cmTC_3056d
/usr/local/bin/cmake -E cmake_link_script CMakeFiles/cmTC_3056d.dir/link.txt --verbose=1
/usr/bin/cc  -DCHECK_FUNCTION_EXISTS=connect    -rdynamic CMakeFiles/cmTC_3056d.dir/CheckFunctionExists.c.o  -o cmTC_3056d 
make[1]: Leaving directory '/home/cjdcoy/CUHKSZ/CSC4005/assignment_2/119100002/pthread/bin/CMakeFiles/CMakeTmp'



Determining if the function remove exists passed with the following output:
Change Dir: /home/cjdcoy/CUHKSZ/CSC4005/assignment_2/119100002/pthread/bin/CMakeFiles/CMakeTmp

Run Build Command(s):/usr/bin/make cmTC_d4900/fast && /usr/bin/make -f CMakeFiles/cmTC_d4900.dir/build.make CMakeFiles/cmTC_d4900.dir/build
make[1]: Entering directory '/home/cjdcoy/CUHKSZ/CSC4005/assignment_2/119100002/pthread/bin/CMakeFiles/CMakeTmp'
Building C object CMakeFiles/cmTC_d4900.dir/CheckFunctionExists.c.o
/usr/bin/cc   -DCHECK_FUNCTION_EXISTS=remove   -o CMakeFiles/cmTC_d4900.dir/CheckFunctionExists.c.o   -c /usr/local/share/cmake-3.15/Modules/CheckFunctionExists.c
Linking C executable cmTC_d4900
/usr/local/bin/cmake -E cmake_link_script CMakeFiles/cmTC_d4900.dir/link.txt --verbose=1
/usr/bin/cc  -DCHECK_FUNCTION_EXISTS=remove    -rdynamic CMakeFiles/cmTC_d4900.dir/CheckFunctionExists.c.o  -o cmTC_d4900 
make[1]: Leaving directory '/home/cjdcoy/CUHKSZ/CSC4005/assignment_2/119100002/pthread/bin/CMakeFiles/CMakeTmp'



Determining if the function shmat exists passed with the following output:
Change Dir: /home/cjdcoy/CUHKSZ/CSC4005/assignment_2/119100002/pthread/bin/CMakeFiles/CMakeTmp

Run Build Command(s):/usr/bin/make cmTC_d15af/fast && /usr/bin/make -f CMakeFiles/cmTC_d15af.dir/build.make CMakeFiles/cmTC_d15af.dir/build
make[1]: Entering directory '/home/cjdcoy/CUHKSZ/CSC4005/assignment_2/119100002/pthread/bin/CMakeFiles/CMakeTmp'
Building C object CMakeFiles/cmTC_d15af.dir/CheckFunctionExists.c.o
/usr/bin/cc   -DCHECK_FUNCTION_EXISTS=shmat   -o CMakeFiles/cmTC_d15af.dir/CheckFunctionExists.c.o   -c /usr/local/share/cmake-3.15/Modules/CheckFunctionExists.c
Linking C executable cmTC_d15af
/usr/local/bin/cmake -E cmake_link_script CMakeFiles/cmTC_d15af.dir/link.txt --verbose=1
/usr/bin/cc  -DCHECK_FUNCTION_EXISTS=shmat    -rdynamic CMakeFiles/cmTC_d15af.dir/CheckFunctionExists.c.o  -o cmTC_d15af 
make[1]: Leaving directory '/home/cjdcoy/CUHKSZ/CSC4005/assignment_2/119100002/pthread/bin/CMakeFiles/CMakeTmp'



Determining if the function IceConnectionNumber exists in the ICE passed with the following output:
Change Dir: /home/cjdcoy/CUHKSZ/CSC4005/assignment_2/119100002/pthread/bin/CMakeFiles/CMakeTmp

Run Build Command(s):/usr/bin/make cmTC_5c3cd/fast && /usr/bin/make -f CMakeFiles/cmTC_5c3cd.dir/build.make CMakeFiles/cmTC_5c3cd.dir/build
make[1]: Entering directory '/home/cjdcoy/CUHKSZ/CSC4005/assignment_2/119100002/pthread/bin/CMakeFiles/CMakeTmp'
Building C object CMakeFiles/cmTC_5c3cd.dir/CheckFunctionExists.c.o
/usr/bin/cc   -DCHECK_FUNCTION_EXISTS=IceConnectionNumber   -o CMakeFiles/cmTC_5c3cd.dir/CheckFunctionExists.c.o   -c /usr/local/share/cmake-3.15/Modules/CheckFunctionExists.c
Linking C executable cmTC_5c3cd
/usr/local/bin/cmake -E cmake_link_script CMakeFiles/cmTC_5c3cd.dir/link.txt --verbose=1
/usr/bin/cc  -DCHECK_FUNCTION_EXISTS=IceConnectionNumber    -rdynamic CMakeFiles/cmTC_5c3cd.dir/CheckFunctionExists.c.o  -o cmTC_5c3cd -lICE 
make[1]: Leaving directory '/home/cjdcoy/CUHKSZ/CSC4005/assignment_2/119100002/pthread/bin/CMakeFiles/CMakeTmp'



Determining if the include file pthread.h exists passed with the following output:
Change Dir: /home/cjdcoy/CUHKSZ/CSC4005/assignment_2/119100002/pthread/bin/CMakeFiles/CMakeTmp

Run Build Command(s):/usr/bin/make cmTC_f35a1/fast && /usr/bin/make -f CMakeFiles/cmTC_f35a1.dir/build.make CMakeFiles/cmTC_f35a1.dir/build
make[1]: Entering directory '/home/cjdcoy/CUHKSZ/CSC4005/assignment_2/119100002/pthread/bin/CMakeFiles/CMakeTmp'
Building C object CMakeFiles/cmTC_f35a1.dir/CheckIncludeFile.c.o
/usr/bin/cc    -o CMakeFiles/cmTC_f35a1.dir/CheckIncludeFile.c.o   -c /home/cjdcoy/CUHKSZ/CSC4005/assignment_2/119100002/pthread/bin/CMakeFiles/CMakeTmp/CheckIncludeFile.c
Linking C executable cmTC_f35a1
/usr/local/bin/cmake -E cmake_link_script CMakeFiles/cmTC_f35a1.dir/link.txt --verbose=1
/usr/bin/cc      -rdynamic CMakeFiles/cmTC_f35a1.dir/CheckIncludeFile.c.o  -o cmTC_f35a1 
make[1]: Leaving directory '/home/cjdcoy/CUHKSZ/CSC4005/assignment_2/119100002/pthread/bin/CMakeFiles/CMakeTmp'



Determining if the function pthread_create exists in the pthread passed with the following output:
Change Dir: /home/cjdcoy/CUHKSZ/CSC4005/assignment_2/119100002/pthread/bin/CMakeFiles/CMakeTmp

Run Build Command(s):/usr/bin/make cmTC_cc082/fast && /usr/bin/make -f CMakeFiles/cmTC_cc082.dir/build.make CMakeFiles/cmTC_cc082.dir/build
make[1]: Entering directory '/home/cjdcoy/CUHKSZ/CSC4005/assignment_2/119100002/pthread/bin/CMakeFiles/CMakeTmp'
Building C object CMakeFiles/cmTC_cc082.dir/CheckFunctionExists.c.o
/usr/bin/cc   -DCHECK_FUNCTION_EXISTS=pthread_create   -o CMakeFiles/cmTC_cc082.dir/CheckFunctionExists.c.o   -c /usr/local/share/cmake-3.15/Modules/CheckFunctionExists.c
Linking C executable cmTC_cc082
/usr/local/bin/cmake -E cmake_link_script CMakeFiles/cmTC_cc082.dir/link.txt --verbose=1
/usr/bin/cc  -DCHECK_FUNCTION_EXISTS=pthread_create    -rdynamic CMakeFiles/cmTC_cc082.dir/CheckFunctionExists.c.o  -o cmTC_cc082 -lpthread 
make[1]: Leaving directory '/home/cjdcoy/CUHKSZ/CSC4005/assignment_2/119100002/pthread/bin/CMakeFiles/CMakeTmp'



Determining if the function XOpenDisplay exists in the /usr/lib/x86_64-linux-gnu/libX11.so;/usr/lib/x86_64-linux-gnu/libXext.so passed with the following output:
Change Dir: /home/cjdcoy/CUHKSZ/CSC4005/assignment_2/119100002/pthread/bin/CMakeFiles/CMakeTmp

Run Build Command(s):/usr/bin/make cmTC_11c43/fast && /usr/bin/make -f CMakeFiles/cmTC_11c43.dir/build.make CMakeFiles/cmTC_11c43.dir/build
make[1]: Entering directory '/home/cjdcoy/CUHKSZ/CSC4005/assignment_2/119100002/pthread/bin/CMakeFiles/CMakeTmp'
Building C object CMakeFiles/cmTC_11c43.dir/CheckFunctionExists.c.o
/usr/bin/cc   -DCHECK_FUNCTION_EXISTS=XOpenDisplay   -o CMakeFiles/cmTC_11c43.dir/CheckFunctionExists.c.o   -c /usr/local/share/cmake-3.15/Modules/CheckFunctionExists.c
Linking C executable cmTC_11c43
/usr/local/bin/cmake -E cmake_link_script CMakeFiles/cmTC_11c43.dir/link.txt --verbose=1
/usr/bin/cc  -DCHECK_FUNCTION_EXISTS=XOpenDisplay    -rdynamic CMakeFiles/cmTC_11c43.dir/CheckFunctionExists.c.o  -o cmTC_11c43 /usr/lib/x86_64-linux-gnu/libX11.so /usr/lib/x86_64-linux-gnu/libXext.so 
make[1]: Leaving directory '/home/cjdcoy/CUHKSZ/CSC4005/assignment_2/119100002/pthread/bin/CMakeFiles/CMakeTmp'



Determining if the function gethostbyname exists passed with the following output:
Change Dir: /home/cjdcoy/CUHKSZ/CSC4005/assignment_2/119100002/pthread/bin/CMakeFiles/CMakeTmp

Run Build Command(s):/usr/bin/make cmTC_12180/fast && /usr/bin/make -f CMakeFiles/cmTC_12180.dir/build.make CMakeFiles/cmTC_12180.dir/build
make[1]: Entering directory '/home/cjdcoy/CUHKSZ/CSC4005/assignment_2/119100002/pthread/bin/CMakeFiles/CMakeTmp'
Building C object CMakeFiles/cmTC_12180.dir/CheckFunctionExists.c.o
/usr/bin/cc   -DCHECK_FUNCTION_EXISTS=gethostbyname   -o CMakeFiles/cmTC_12180.dir/CheckFunctionExists.c.o   -c /usr/local/share/cmake-3.15/Modules/CheckFunctionExists.c
Linking C executable cmTC_12180
/usr/local/bin/cmake -E cmake_link_script CMakeFiles/cmTC_12180.dir/link.txt --verbose=1
/usr/bin/cc  -DCHECK_FUNCTION_EXISTS=gethostbyname    -rdynamic CMakeFiles/cmTC_12180.dir/CheckFunctionExists.c.o  -o cmTC_12180 
make[1]: Leaving directory '/home/cjdcoy/CUHKSZ/CSC4005/assignment_2/119100002/pthread/bin/CMakeFiles/CMakeTmp'



Determining if the function connect exists passed with the following output:
Change Dir: /home/cjdcoy/CUHKSZ/CSC4005/assignment_2/119100002/pthread/bin/CMakeFiles/CMakeTmp

Run Build Command(s):/usr/bin/make cmTC_39bc5/fast && /usr/bin/make -f CMakeFiles/cmTC_39bc5.dir/build.make CMakeFiles/cmTC_39bc5.dir/build
make[1]: Entering directory '/home/cjdcoy/CUHKSZ/CSC4005/assignment_2/119100002/pthread/bin/CMakeFiles/CMakeTmp'
Building C object CMakeFiles/cmTC_39bc5.dir/CheckFunctionExists.c.o
/usr/bin/cc   -DCHECK_FUNCTION_EXISTS=connect   -o CMakeFiles/cmTC_39bc5.dir/CheckFunctionExists.c.o   -c /usr/local/share/cmake-3.15/Modules/CheckFunctionExists.c
Linking C executable cmTC_39bc5
/usr/local/bin/cmake -E cmake_link_script CMakeFiles/cmTC_39bc5.dir/link.txt --verbose=1
/usr/bin/cc  -DCHECK_FUNCTION_EXISTS=connect    -rdynamic CMakeFiles/cmTC_39bc5.dir/CheckFunctionExists.c.o  -o cmTC_39bc5 
make[1]: Leaving directory '/home/cjdcoy/CUHKSZ/CSC4005/assignment_2/119100002/pthread/bin/CMakeFiles/CMakeTmp'



Determining if the function remove exists passed with the following output:
Change Dir: /home/cjdcoy/CUHKSZ/CSC4005/assignment_2/119100002/pthread/bin/CMakeFiles/CMakeTmp

Run Build Command(s):/usr/bin/make cmTC_a4433/fast && /usr/bin/make -f CMakeFiles/cmTC_a4433.dir/build.make CMakeFiles/cmTC_a4433.dir/build
make[1]: Entering directory '/home/cjdcoy/CUHKSZ/CSC4005/assignment_2/119100002/pthread/bin/CMakeFiles/CMakeTmp'
Building C object CMakeFiles/cmTC_a4433.dir/CheckFunctionExists.c.o
/usr/bin/cc   -DCHECK_FUNCTION_EXISTS=remove   -o CMakeFiles/cmTC_a4433.dir/CheckFunctionExists.c.o   -c /usr/local/share/cmake-3.15/Modules/CheckFunctionExists.c
Linking C executable cmTC_a4433
/usr/local/bin/cmake -E cmake_link_script CMakeFiles/cmTC_a4433.dir/link.txt --verbose=1
/usr/bin/cc  -DCHECK_FUNCTION_EXISTS=remove    -rdynamic CMakeFiles/cmTC_a4433.dir/CheckFunctionExists.c.o  -o cmTC_a4433 
make[1]: Leaving directory '/home/cjdcoy/CUHKSZ/CSC4005/assignment_2/119100002/pthread/bin/CMakeFiles/CMakeTmp'



Determining if the function shmat exists passed with the following output:
Change Dir: /home/cjdcoy/CUHKSZ/CSC4005/assignment_2/119100002/pthread/bin/CMakeFiles/CMakeTmp

Run Build Command(s):/usr/bin/make cmTC_40e05/fast && /usr/bin/make -f CMakeFiles/cmTC_40e05.dir/build.make CMakeFiles/cmTC_40e05.dir/build
make[1]: Entering directory '/home/cjdcoy/CUHKSZ/CSC4005/assignment_2/119100002/pthread/bin/CMakeFiles/CMakeTmp'
Building C object CMakeFiles/cmTC_40e05.dir/CheckFunctionExists.c.o
/usr/bin/cc   -DCHECK_FUNCTION_EXISTS=shmat   -o CMakeFiles/cmTC_40e05.dir/CheckFunctionExists.c.o   -c /usr/local/share/cmake-3.15/Modules/CheckFunctionExists.c
Linking C executable cmTC_40e05
/usr/local/bin/cmake -E cmake_link_script CMakeFiles/cmTC_40e05.dir/link.txt --verbose=1
/usr/bin/cc  -DCHECK_FUNCTION_EXISTS=shmat    -rdynamic CMakeFiles/cmTC_40e05.dir/CheckFunctionExists.c.o  -o cmTC_40e05 
make[1]: Leaving directory '/home/cjdcoy/CUHKSZ/CSC4005/assignment_2/119100002/pthread/bin/CMakeFiles/CMakeTmp'



Determining if the function IceConnectionNumber exists in the ICE passed with the following output:
Change Dir: /home/cjdcoy/CUHKSZ/CSC4005/assignment_2/119100002/pthread/bin/CMakeFiles/CMakeTmp

Run Build Command(s):/usr/bin/make cmTC_bfb75/fast && /usr/bin/make -f CMakeFiles/cmTC_bfb75.dir/build.make CMakeFiles/cmTC_bfb75.dir/build
make[1]: Entering directory '/home/cjdcoy/CUHKSZ/CSC4005/assignment_2/119100002/pthread/bin/CMakeFiles/CMakeTmp'
Building C object CMakeFiles/cmTC_bfb75.dir/CheckFunctionExists.c.o
/usr/bin/cc   -DCHECK_FUNCTION_EXISTS=IceConnectionNumber   -o CMakeFiles/cmTC_bfb75.dir/CheckFunctionExists.c.o   -c /usr/local/share/cmake-3.15/Modules/CheckFunctionExists.c
Linking C executable cmTC_bfb75
/usr/local/bin/cmake -E cmake_link_script CMakeFiles/cmTC_bfb75.dir/link.txt --verbose=1
/usr/bin/cc  -DCHECK_FUNCTION_EXISTS=IceConnectionNumber    -rdynamic CMakeFiles/cmTC_bfb75.dir/CheckFunctionExists.c.o  -o cmTC_bfb75 -lICE 
make[1]: Leaving directory '/home/cjdcoy/CUHKSZ/CSC4005/assignment_2/119100002/pthread/bin/CMakeFiles/CMakeTmp'



Determining if the include file pthread.h exists passed with the following output:
Change Dir: /home/cjdcoy/CUHKSZ/CSC4005/assignment_2/119100002/pthread/bin/CMakeFiles/CMakeTmp

Run Build Command(s):/usr/bin/make cmTC_d1741/fast 
/usr/bin/make -f CMakeFiles/cmTC_d1741.dir/build.make CMakeFiles/cmTC_d1741.dir/build
make[1]: Entering directory '/home/cjdcoy/CUHKSZ/CSC4005/assignment_2/119100002/pthread/bin/CMakeFiles/CMakeTmp'
Building C object CMakeFiles/cmTC_d1741.dir/CheckIncludeFile.c.o
/usr/bin/cc    -o CMakeFiles/cmTC_d1741.dir/CheckIncludeFile.c.o   -c /home/cjdcoy/CUHKSZ/CSC4005/assignment_2/119100002/pthread/bin/CMakeFiles/CMakeTmp/CheckIncludeFile.c
Linking C executable cmTC_d1741
/home/cjdcoy/TOOLS/clion/bin/cmake/linux/bin/cmake -E cmake_link_script CMakeFiles/cmTC_d1741.dir/link.txt --verbose=1
/usr/bin/cc      -rdynamic CMakeFiles/cmTC_d1741.dir/CheckIncludeFile.c.o  -o cmTC_d1741 
make[1]: Leaving directory '/home/cjdcoy/CUHKSZ/CSC4005/assignment_2/119100002/pthread/bin/CMakeFiles/CMakeTmp'


Determining if the function pthread_create exists in the pthread passed with the following output:
Change Dir: /home/cjdcoy/CUHKSZ/CSC4005/assignment_2/119100002/pthread/bin/CMakeFiles/CMakeTmp

Run Build Command(s):/usr/bin/make cmTC_7f65c/fast 
/usr/bin/make -f CMakeFiles/cmTC_7f65c.dir/build.make CMakeFiles/cmTC_7f65c.dir/build
make[1]: Entering directory '/home/cjdcoy/CUHKSZ/CSC4005/assignment_2/119100002/pthread/bin/CMakeFiles/CMakeTmp'
Building C object CMakeFiles/cmTC_7f65c.dir/CheckFunctionExists.c.o
/usr/bin/cc   -DCHECK_FUNCTION_EXISTS=pthread_create   -o CMakeFiles/cmTC_7f65c.dir/CheckFunctionExists.c.o   -c /home/cjdcoy/TOOLS/clion/bin/cmake/linux/share/cmake-3.14/Modules/CheckFunctionExists.c
Linking C executable cmTC_7f65c
/home/cjdcoy/TOOLS/clion/bin/cmake/linux/bin/cmake -E cmake_link_script CMakeFiles/cmTC_7f65c.dir/link.txt --verbose=1
/usr/bin/cc  -DCHECK_FUNCTION_EXISTS=pthread_create    -rdynamic CMakeFiles/cmTC_7f65c.dir/CheckFunctionExists.c.o  -o cmTC_7f65c -lpthread 
make[1]: Leaving directory '/home/cjdcoy/CUHKSZ/CSC4005/assignment_2/119100002/pthread/bin/CMakeFiles/CMakeTmp'


Determining if the function XOpenDisplay exists in the /usr/lib/x86_64-linux-gnu/libX11.so;/usr/lib/x86_64-linux-gnu/libXext.so passed with the following output:
Change Dir: /home/cjdcoy/CUHKSZ/CSC4005/assignment_2/119100002/pthread/bin/CMakeFiles/CMakeTmp

Run Build Command(s):/usr/bin/make cmTC_6b68d/fast 
/usr/bin/make -f CMakeFiles/cmTC_6b68d.dir/build.make CMakeFiles/cmTC_6b68d.dir/build
make[1]: Entering directory '/home/cjdcoy/CUHKSZ/CSC4005/assignment_2/119100002/pthread/bin/CMakeFiles/CMakeTmp'
Building C object CMakeFiles/cmTC_6b68d.dir/CheckFunctionExists.c.o
/usr/bin/cc   -DCHECK_FUNCTION_EXISTS=XOpenDisplay   -o CMakeFiles/cmTC_6b68d.dir/CheckFunctionExists.c.o   -c /home/cjdcoy/TOOLS/clion/bin/cmake/linux/share/cmake-3.14/Modules/CheckFunctionExists.c
Linking C executable cmTC_6b68d
/home/cjdcoy/TOOLS/clion/bin/cmake/linux/bin/cmake -E cmake_link_script CMakeFiles/cmTC_6b68d.dir/link.txt --verbose=1
/usr/bin/cc  -DCHECK_FUNCTION_EXISTS=XOpenDisplay    -rdynamic CMakeFiles/cmTC_6b68d.dir/CheckFunctionExists.c.o  -o cmTC_6b68d /usr/lib/x86_64-linux-gnu/libX11.so /usr/lib/x86_64-linux-gnu/libXext.so 
make[1]: Leaving directory '/home/cjdcoy/CUHKSZ/CSC4005/assignment_2/119100002/pthread/bin/CMakeFiles/CMakeTmp'


Determining if the function gethostbyname exists passed with the following output:
Change Dir: /home/cjdcoy/CUHKSZ/CSC4005/assignment_2/119100002/pthread/bin/CMakeFiles/CMakeTmp

Run Build Command(s):/usr/bin/make cmTC_43a1e/fast 
/usr/bin/make -f CMakeFiles/cmTC_43a1e.dir/build.make CMakeFiles/cmTC_43a1e.dir/build
make[1]: Entering directory '/home/cjdcoy/CUHKSZ/CSC4005/assignment_2/119100002/pthread/bin/CMakeFiles/CMakeTmp'
Building C object CMakeFiles/cmTC_43a1e.dir/CheckFunctionExists.c.o
/usr/bin/cc   -DCHECK_FUNCTION_EXISTS=gethostbyname   -o CMakeFiles/cmTC_43a1e.dir/CheckFunctionExists.c.o   -c /home/cjdcoy/TOOLS/clion/bin/cmake/linux/share/cmake-3.14/Modules/CheckFunctionExists.c
Linking C executable cmTC_43a1e
/home/cjdcoy/TOOLS/clion/bin/cmake/linux/bin/cmake -E cmake_link_script CMakeFiles/cmTC_43a1e.dir/link.txt --verbose=1
/usr/bin/cc  -DCHECK_FUNCTION_EXISTS=gethostbyname    -rdynamic CMakeFiles/cmTC_43a1e.dir/CheckFunctionExists.c.o  -o cmTC_43a1e 
make[1]: Leaving directory '/home/cjdcoy/CUHKSZ/CSC4005/assignment_2/119100002/pthread/bin/CMakeFiles/CMakeTmp'


Determining if the function connect exists passed with the following output:
Change Dir: /home/cjdcoy/CUHKSZ/CSC4005/assignment_2/119100002/pthread/bin/CMakeFiles/CMakeTmp

Run Build Command(s):/usr/bin/make cmTC_5054f/fast 
/usr/bin/make -f CMakeFiles/cmTC_5054f.dir/build.make CMakeFiles/cmTC_5054f.dir/build
make[1]: Entering directory '/home/cjdcoy/CUHKSZ/CSC4005/assignment_2/119100002/pthread/bin/CMakeFiles/CMakeTmp'
Building C object CMakeFiles/cmTC_5054f.dir/CheckFunctionExists.c.o
/usr/bin/cc   -DCHECK_FUNCTION_EXISTS=connect   -o CMakeFiles/cmTC_5054f.dir/CheckFunctionExists.c.o   -c /home/cjdcoy/TOOLS/clion/bin/cmake/linux/share/cmake-3.14/Modules/CheckFunctionExists.c
Linking C executable cmTC_5054f
/home/cjdcoy/TOOLS/clion/bin/cmake/linux/bin/cmake -E cmake_link_script CMakeFiles/cmTC_5054f.dir/link.txt --verbose=1
/usr/bin/cc  -DCHECK_FUNCTION_EXISTS=connect    -rdynamic CMakeFiles/cmTC_5054f.dir/CheckFunctionExists.c.o  -o cmTC_5054f 
make[1]: Leaving directory '/home/cjdcoy/CUHKSZ/CSC4005/assignment_2/119100002/pthread/bin/CMakeFiles/CMakeTmp'


Determining if the function remove exists passed with the following output:
Change Dir: /home/cjdcoy/CUHKSZ/CSC4005/assignment_2/119100002/pthread/bin/CMakeFiles/CMakeTmp

Run Build Command(s):/usr/bin/make cmTC_601fb/fast 
/usr/bin/make -f CMakeFiles/cmTC_601fb.dir/build.make CMakeFiles/cmTC_601fb.dir/build
make[1]: Entering directory '/home/cjdcoy/CUHKSZ/CSC4005/assignment_2/119100002/pthread/bin/CMakeFiles/CMakeTmp'
Building C object CMakeFiles/cmTC_601fb.dir/CheckFunctionExists.c.o
/usr/bin/cc   -DCHECK_FUNCTION_EXISTS=remove   -o CMakeFiles/cmTC_601fb.dir/CheckFunctionExists.c.o   -c /home/cjdcoy/TOOLS/clion/bin/cmake/linux/share/cmake-3.14/Modules/CheckFunctionExists.c
Linking C executable cmTC_601fb
/home/cjdcoy/TOOLS/clion/bin/cmake/linux/bin/cmake -E cmake_link_script CMakeFiles/cmTC_601fb.dir/link.txt --verbose=1
/usr/bin/cc  -DCHECK_FUNCTION_EXISTS=remove    -rdynamic CMakeFiles/cmTC_601fb.dir/CheckFunctionExists.c.o  -o cmTC_601fb 
make[1]: Leaving directory '/home/cjdcoy/CUHKSZ/CSC4005/assignment_2/119100002/pthread/bin/CMakeFiles/CMakeTmp'


Determining if the function shmat exists passed with the following output:
Change Dir: /home/cjdcoy/CUHKSZ/CSC4005/assignment_2/119100002/pthread/bin/CMakeFiles/CMakeTmp

Run Build Command(s):/usr/bin/make cmTC_60f3b/fast 
/usr/bin/make -f CMakeFiles/cmTC_60f3b.dir/build.make CMakeFiles/cmTC_60f3b.dir/build
make[1]: Entering directory '/home/cjdcoy/CUHKSZ/CSC4005/assignment_2/119100002/pthread/bin/CMakeFiles/CMakeTmp'
Building C object CMakeFiles/cmTC_60f3b.dir/CheckFunctionExists.c.o
/usr/bin/cc   -DCHECK_FUNCTION_EXISTS=shmat   -o CMakeFiles/cmTC_60f3b.dir/CheckFunctionExists.c.o   -c /home/cjdcoy/TOOLS/clion/bin/cmake/linux/share/cmake-3.14/Modules/CheckFunctionExists.c
Linking C executable cmTC_60f3b
/home/cjdcoy/TOOLS/clion/bin/cmake/linux/bin/cmake -E cmake_link_script CMakeFiles/cmTC_60f3b.dir/link.txt --verbose=1
/usr/bin/cc  -DCHECK_FUNCTION_EXISTS=shmat    -rdynamic CMakeFiles/cmTC_60f3b.dir/CheckFunctionExists.c.o  -o cmTC_60f3b 
make[1]: Leaving directory '/home/cjdcoy/CUHKSZ/CSC4005/assignment_2/119100002/pthread/bin/CMakeFiles/CMakeTmp'


Determining if the function IceConnectionNumber exists in the ICE passed with the following output:
Change Dir: /home/cjdcoy/CUHKSZ/CSC4005/assignment_2/119100002/pthread/bin/CMakeFiles/CMakeTmp

Run Build Command(s):/usr/bin/make cmTC_86bda/fast 
/usr/bin/make -f CMakeFiles/cmTC_86bda.dir/build.make CMakeFiles/cmTC_86bda.dir/build
make[1]: Entering directory '/home/cjdcoy/CUHKSZ/CSC4005/assignment_2/119100002/pthread/bin/CMakeFiles/CMakeTmp'
Building C object CMakeFiles/cmTC_86bda.dir/CheckFunctionExists.c.o
/usr/bin/cc   -DCHECK_FUNCTION_EXISTS=IceConnectionNumber   -o CMakeFiles/cmTC_86bda.dir/CheckFunctionExists.c.o   -c /home/cjdcoy/TOOLS/clion/bin/cmake/linux/share/cmake-3.14/Modules/CheckFunctionExists.c
Linking C executable cmTC_86bda
/home/cjdcoy/TOOLS/clion/bin/cmake/linux/bin/cmake -E cmake_link_script CMakeFiles/cmTC_86bda.dir/link.txt --verbose=1
/usr/bin/cc  -DCHECK_FUNCTION_EXISTS=IceConnectionNumber    -rdynamic CMakeFiles/cmTC_86bda.dir/CheckFunctionExists.c.o  -o cmTC_86bda -lICE 
make[1]: Leaving directory '/home/cjdcoy/CUHKSZ/CSC4005/assignment_2/119100002/pthread/bin/CMakeFiles/CMakeTmp'


Determining if the include file pthread.h exists passed with the following output:
Change Dir: /home/cjdcoy/CUHKSZ/CSC4005/assignment_2/119100002/pthread/bin/CMakeFiles/CMakeTmp

Run Build Command(s):/usr/bin/make cmTC_73499/fast && /usr/bin/make -f CMakeFiles/cmTC_73499.dir/build.make CMakeFiles/cmTC_73499.dir/build
make[1]: Entering directory '/home/cjdcoy/CUHKSZ/CSC4005/assignment_2/119100002/pthread/bin/CMakeFiles/CMakeTmp'
Building C object CMakeFiles/cmTC_73499.dir/CheckIncludeFile.c.o
/usr/bin/cc    -o CMakeFiles/cmTC_73499.dir/CheckIncludeFile.c.o   -c /home/cjdcoy/CUHKSZ/CSC4005/assignment_2/119100002/pthread/bin/CMakeFiles/CMakeTmp/CheckIncludeFile.c
Linking C executable cmTC_73499
/usr/local/bin/cmake -E cmake_link_script CMakeFiles/cmTC_73499.dir/link.txt --verbose=1
/usr/bin/cc      -rdynamic CMakeFiles/cmTC_73499.dir/CheckIncludeFile.c.o  -o cmTC_73499 
make[1]: Leaving directory '/home/cjdcoy/CUHKSZ/CSC4005/assignment_2/119100002/pthread/bin/CMakeFiles/CMakeTmp'



Determining if the function pthread_create exists in the pthread passed with the following output:
Change Dir: /home/cjdcoy/CUHKSZ/CSC4005/assignment_2/119100002/pthread/bin/CMakeFiles/CMakeTmp

Run Build Command(s):/usr/bin/make cmTC_efeaa/fast && /usr/bin/make -f CMakeFiles/cmTC_efeaa.dir/build.make CMakeFiles/cmTC_efeaa.dir/build
make[1]: Entering directory '/home/cjdcoy/CUHKSZ/CSC4005/assignment_2/119100002/pthread/bin/CMakeFiles/CMakeTmp'
Building C object CMakeFiles/cmTC_efeaa.dir/CheckFunctionExists.c.o
/usr/bin/cc   -DCHECK_FUNCTION_EXISTS=pthread_create   -o CMakeFiles/cmTC_efeaa.dir/CheckFunctionExists.c.o   -c /usr/local/share/cmake-3.15/Modules/CheckFunctionExists.c
Linking C executable cmTC_efeaa
/usr/local/bin/cmake -E cmake_link_script CMakeFiles/cmTC_efeaa.dir/link.txt --verbose=1
/usr/bin/cc  -DCHECK_FUNCTION_EXISTS=pthread_create    -rdynamic CMakeFiles/cmTC_efeaa.dir/CheckFunctionExists.c.o  -o cmTC_efeaa -lpthread 
make[1]: Leaving directory '/home/cjdcoy/CUHKSZ/CSC4005/assignment_2/119100002/pthread/bin/CMakeFiles/CMakeTmp'



Determining if the function XOpenDisplay exists in the /usr/lib/x86_64-linux-gnu/libX11.so;/usr/lib/x86_64-linux-gnu/libXext.so passed with the following output:
Change Dir: /home/cjdcoy/CUHKSZ/CSC4005/assignment_2/119100002/pthread/bin/CMakeFiles/CMakeTmp

Run Build Command(s):/usr/bin/make cmTC_1e37b/fast && /usr/bin/make -f CMakeFiles/cmTC_1e37b.dir/build.make CMakeFiles/cmTC_1e37b.dir/build
make[1]: Entering directory '/home/cjdcoy/CUHKSZ/CSC4005/assignment_2/119100002/pthread/bin/CMakeFiles/CMakeTmp'
Building C object CMakeFiles/cmTC_1e37b.dir/CheckFunctionExists.c.o
/usr/bin/cc   -DCHECK_FUNCTION_EXISTS=XOpenDisplay   -o CMakeFiles/cmTC_1e37b.dir/CheckFunctionExists.c.o   -c /usr/local/share/cmake-3.15/Modules/CheckFunctionExists.c
Linking C executable cmTC_1e37b
/usr/local/bin/cmake -E cmake_link_script CMakeFiles/cmTC_1e37b.dir/link.txt --verbose=1
/usr/bin/cc  -DCHECK_FUNCTION_EXISTS=XOpenDisplay    -rdynamic CMakeFiles/cmTC_1e37b.dir/CheckFunctionExists.c.o  -o cmTC_1e37b /usr/lib/x86_64-linux-gnu/libX11.so /usr/lib/x86_64-linux-gnu/libXext.so 
make[1]: Leaving directory '/home/cjdcoy/CUHKSZ/CSC4005/assignment_2/119100002/pthread/bin/CMakeFiles/CMakeTmp'



Determining if the function gethostbyname exists passed with the following output:
Change Dir: /home/cjdcoy/CUHKSZ/CSC4005/assignment_2/119100002/pthread/bin/CMakeFiles/CMakeTmp

Run Build Command(s):/usr/bin/make cmTC_8c8df/fast && /usr/bin/make -f CMakeFiles/cmTC_8c8df.dir/build.make CMakeFiles/cmTC_8c8df.dir/build
make[1]: Entering directory '/home/cjdcoy/CUHKSZ/CSC4005/assignment_2/119100002/pthread/bin/CMakeFiles/CMakeTmp'
Building C object CMakeFiles/cmTC_8c8df.dir/CheckFunctionExists.c.o
/usr/bin/cc   -DCHECK_FUNCTION_EXISTS=gethostbyname   -o CMakeFiles/cmTC_8c8df.dir/CheckFunctionExists.c.o   -c /usr/local/share/cmake-3.15/Modules/CheckFunctionExists.c
Linking C executable cmTC_8c8df
/usr/local/bin/cmake -E cmake_link_script CMakeFiles/cmTC_8c8df.dir/link.txt --verbose=1
/usr/bin/cc  -DCHECK_FUNCTION_EXISTS=gethostbyname    -rdynamic CMakeFiles/cmTC_8c8df.dir/CheckFunctionExists.c.o  -o cmTC_8c8df 
make[1]: Leaving directory '/home/cjdcoy/CUHKSZ/CSC4005/assignment_2/119100002/pthread/bin/CMakeFiles/CMakeTmp'



Determining if the function connect exists passed with the following output:
Change Dir: /home/cjdcoy/CUHKSZ/CSC4005/assignment_2/119100002/pthread/bin/CMakeFiles/CMakeTmp

Run Build Command(s):/usr/bin/make cmTC_99e95/fast && /usr/bin/make -f CMakeFiles/cmTC_99e95.dir/build.make CMakeFiles/cmTC_99e95.dir/build
make[1]: Entering directory '/home/cjdcoy/CUHKSZ/CSC4005/assignment_2/119100002/pthread/bin/CMakeFiles/CMakeTmp'
Building C object CMakeFiles/cmTC_99e95.dir/CheckFunctionExists.c.o
/usr/bin/cc   -DCHECK_FUNCTION_EXISTS=connect   -o CMakeFiles/cmTC_99e95.dir/CheckFunctionExists.c.o   -c /usr/local/share/cmake-3.15/Modules/CheckFunctionExists.c
Linking C executable cmTC_99e95
/usr/local/bin/cmake -E cmake_link_script CMakeFiles/cmTC_99e95.dir/link.txt --verbose=1
/usr/bin/cc  -DCHECK_FUNCTION_EXISTS=connect    -rdynamic CMakeFiles/cmTC_99e95.dir/CheckFunctionExists.c.o  -o cmTC_99e95 
make[1]: Leaving directory '/home/cjdcoy/CUHKSZ/CSC4005/assignment_2/119100002/pthread/bin/CMakeFiles/CMakeTmp'



Determining if the function remove exists passed with the following output:
Change Dir: /home/cjdcoy/CUHKSZ/CSC4005/assignment_2/119100002/pthread/bin/CMakeFiles/CMakeTmp

Run Build Command(s):/usr/bin/make cmTC_a6a9b/fast && /usr/bin/make -f CMakeFiles/cmTC_a6a9b.dir/build.make CMakeFiles/cmTC_a6a9b.dir/build
make[1]: Entering directory '/home/cjdcoy/CUHKSZ/CSC4005/assignment_2/119100002/pthread/bin/CMakeFiles/CMakeTmp'
Building C object CMakeFiles/cmTC_a6a9b.dir/CheckFunctionExists.c.o
/usr/bin/cc   -DCHECK_FUNCTION_EXISTS=remove   -o CMakeFiles/cmTC_a6a9b.dir/CheckFunctionExists.c.o   -c /usr/local/share/cmake-3.15/Modules/CheckFunctionExists.c
Linking C executable cmTC_a6a9b
/usr/local/bin/cmake -E cmake_link_script CMakeFiles/cmTC_a6a9b.dir/link.txt --verbose=1
/usr/bin/cc  -DCHECK_FUNCTION_EXISTS=remove    -rdynamic CMakeFiles/cmTC_a6a9b.dir/CheckFunctionExists.c.o  -o cmTC_a6a9b 
make[1]: Leaving directory '/home/cjdcoy/CUHKSZ/CSC4005/assignment_2/119100002/pthread/bin/CMakeFiles/CMakeTmp'



Determining if the function shmat exists passed with the following output:
Change Dir: /home/cjdcoy/CUHKSZ/CSC4005/assignment_2/119100002/pthread/bin/CMakeFiles/CMakeTmp

Run Build Command(s):/usr/bin/make cmTC_698fc/fast && /usr/bin/make -f CMakeFiles/cmTC_698fc.dir/build.make CMakeFiles/cmTC_698fc.dir/build
make[1]: Entering directory '/home/cjdcoy/CUHKSZ/CSC4005/assignment_2/119100002/pthread/bin/CMakeFiles/CMakeTmp'
Building C object CMakeFiles/cmTC_698fc.dir/CheckFunctionExists.c.o
/usr/bin/cc   -DCHECK_FUNCTION_EXISTS=shmat   -o CMakeFiles/cmTC_698fc.dir/CheckFunctionExists.c.o   -c /usr/local/share/cmake-3.15/Modules/CheckFunctionExists.c
Linking C executable cmTC_698fc
/usr/local/bin/cmake -E cmake_link_script CMakeFiles/cmTC_698fc.dir/link.txt --verbose=1
/usr/bin/cc  -DCHECK_FUNCTION_EXISTS=shmat    -rdynamic CMakeFiles/cmTC_698fc.dir/CheckFunctionExists.c.o  -o cmTC_698fc 
make[1]: Leaving directory '/home/cjdcoy/CUHKSZ/CSC4005/assignment_2/119100002/pthread/bin/CMakeFiles/CMakeTmp'



Determining if the function IceConnectionNumber exists in the ICE passed with the following output:
Change Dir: /home/cjdcoy/CUHKSZ/CSC4005/assignment_2/119100002/pthread/bin/CMakeFiles/CMakeTmp

Run Build Command(s):/usr/bin/make cmTC_965db/fast && /usr/bin/make -f CMakeFiles/cmTC_965db.dir/build.make CMakeFiles/cmTC_965db.dir/build
make[1]: Entering directory '/home/cjdcoy/CUHKSZ/CSC4005/assignment_2/119100002/pthread/bin/CMakeFiles/CMakeTmp'
Building C object CMakeFiles/cmTC_965db.dir/CheckFunctionExists.c.o
/usr/bin/cc   -DCHECK_FUNCTION_EXISTS=IceConnectionNumber   -o CMakeFiles/cmTC_965db.dir/CheckFunctionExists.c.o   -c /usr/local/share/cmake-3.15/Modules/CheckFunctionExists.c
Linking C executable cmTC_965db
/usr/local/bin/cmake -E cmake_link_script CMakeFiles/cmTC_965db.dir/link.txt --verbose=1
/usr/bin/cc  -DCHECK_FUNCTION_EXISTS=IceConnectionNumber    -rdynamic CMakeFiles/cmTC_965db.dir/CheckFunctionExists.c.o  -o cmTC_965db -lICE 
make[1]: Leaving directory '/home/cjdcoy/CUHKSZ/CSC4005/assignment_2/119100002/pthread/bin/CMakeFiles/CMakeTmp'



Determining if the include file pthread.h exists passed with the following output:
Change Dir: /home/cjdcoy/CUHKSZ/CSC4005/assignment_2/119100002/pthread/bin/CMakeFiles/CMakeTmp

Run Build Command(s):/usr/bin/make cmTC_959a0/fast && /usr/bin/make -f CMakeFiles/cmTC_959a0.dir/build.make CMakeFiles/cmTC_959a0.dir/build
make[1]: Entering directory '/home/cjdcoy/CUHKSZ/CSC4005/assignment_2/119100002/pthread/bin/CMakeFiles/CMakeTmp'
Building C object CMakeFiles/cmTC_959a0.dir/CheckIncludeFile.c.o
/usr/bin/cc    -o CMakeFiles/cmTC_959a0.dir/CheckIncludeFile.c.o   -c /home/cjdcoy/CUHKSZ/CSC4005/assignment_2/119100002/pthread/bin/CMakeFiles/CMakeTmp/CheckIncludeFile.c
Linking C executable cmTC_959a0
/usr/local/bin/cmake -E cmake_link_script CMakeFiles/cmTC_959a0.dir/link.txt --verbose=1
/usr/bin/cc      -rdynamic CMakeFiles/cmTC_959a0.dir/CheckIncludeFile.c.o  -o cmTC_959a0 
make[1]: Leaving directory '/home/cjdcoy/CUHKSZ/CSC4005/assignment_2/119100002/pthread/bin/CMakeFiles/CMakeTmp'



Determining if the function pthread_create exists in the pthread passed with the following output:
Change Dir: /home/cjdcoy/CUHKSZ/CSC4005/assignment_2/119100002/pthread/bin/CMakeFiles/CMakeTmp

Run Build Command(s):/usr/bin/make cmTC_bd0f6/fast && /usr/bin/make -f CMakeFiles/cmTC_bd0f6.dir/build.make CMakeFiles/cmTC_bd0f6.dir/build
make[1]: Entering directory '/home/cjdcoy/CUHKSZ/CSC4005/assignment_2/119100002/pthread/bin/CMakeFiles/CMakeTmp'
Building C object CMakeFiles/cmTC_bd0f6.dir/CheckFunctionExists.c.o
/usr/bin/cc   -DCHECK_FUNCTION_EXISTS=pthread_create   -o CMakeFiles/cmTC_bd0f6.dir/CheckFunctionExists.c.o   -c /usr/local/share/cmake-3.15/Modules/CheckFunctionExists.c
Linking C executable cmTC_bd0f6
/usr/local/bin/cmake -E cmake_link_script CMakeFiles/cmTC_bd0f6.dir/link.txt --verbose=1
/usr/bin/cc  -DCHECK_FUNCTION_EXISTS=pthread_create    -rdynamic CMakeFiles/cmTC_bd0f6.dir/CheckFunctionExists.c.o  -o cmTC_bd0f6 -lpthread 
make[1]: Leaving directory '/home/cjdcoy/CUHKSZ/CSC4005/assignment_2/119100002/pthread/bin/CMakeFiles/CMakeTmp'



Determining if the function XOpenDisplay exists in the /usr/lib/x86_64-linux-gnu/libX11.so;/usr/lib/x86_64-linux-gnu/libXext.so passed with the following output:
Change Dir: /home/cjdcoy/CUHKSZ/CSC4005/assignment_2/119100002/pthread/bin/CMakeFiles/CMakeTmp

Run Build Command(s):/usr/bin/make cmTC_8455c/fast && /usr/bin/make -f CMakeFiles/cmTC_8455c.dir/build.make CMakeFiles/cmTC_8455c.dir/build
make[1]: Entering directory '/home/cjdcoy/CUHKSZ/CSC4005/assignment_2/119100002/pthread/bin/CMakeFiles/CMakeTmp'
Building C object CMakeFiles/cmTC_8455c.dir/CheckFunctionExists.c.o
/usr/bin/cc   -DCHECK_FUNCTION_EXISTS=XOpenDisplay   -o CMakeFiles/cmTC_8455c.dir/CheckFunctionExists.c.o   -c /usr/local/share/cmake-3.15/Modules/CheckFunctionExists.c
Linking C executable cmTC_8455c
/usr/local/bin/cmake -E cmake_link_script CMakeFiles/cmTC_8455c.dir/link.txt --verbose=1
/usr/bin/cc  -DCHECK_FUNCTION_EXISTS=XOpenDisplay    -rdynamic CMakeFiles/cmTC_8455c.dir/CheckFunctionExists.c.o  -o cmTC_8455c /usr/lib/x86_64-linux-gnu/libX11.so /usr/lib/x86_64-linux-gnu/libXext.so 
make[1]: Leaving directory '/home/cjdcoy/CUHKSZ/CSC4005/assignment_2/119100002/pthread/bin/CMakeFiles/CMakeTmp'



Determining if the function gethostbyname exists passed with the following output:
Change Dir: /home/cjdcoy/CUHKSZ/CSC4005/assignment_2/119100002/pthread/bin/CMakeFiles/CMakeTmp

Run Build Command(s):/usr/bin/make cmTC_a17e8/fast && /usr/bin/make -f CMakeFiles/cmTC_a17e8.dir/build.make CMakeFiles/cmTC_a17e8.dir/build
make[1]: Entering directory '/home/cjdcoy/CUHKSZ/CSC4005/assignment_2/119100002/pthread/bin/CMakeFiles/CMakeTmp'
Building C object CMakeFiles/cmTC_a17e8.dir/CheckFunctionExists.c.o
/usr/bin/cc   -DCHECK_FUNCTION_EXISTS=gethostbyname   -o CMakeFiles/cmTC_a17e8.dir/CheckFunctionExists.c.o   -c /usr/local/share/cmake-3.15/Modules/CheckFunctionExists.c
Linking C executable cmTC_a17e8
/usr/local/bin/cmake -E cmake_link_script CMakeFiles/cmTC_a17e8.dir/link.txt --verbose=1
/usr/bin/cc  -DCHECK_FUNCTION_EXISTS=gethostbyname    -rdynamic CMakeFiles/cmTC_a17e8.dir/CheckFunctionExists.c.o  -o cmTC_a17e8 
make[1]: Leaving directory '/home/cjdcoy/CUHKSZ/CSC4005/assignment_2/119100002/pthread/bin/CMakeFiles/CMakeTmp'



Determining if the function connect exists passed with the following output:
Change Dir: /home/cjdcoy/CUHKSZ/CSC4005/assignment_2/119100002/pthread/bin/CMakeFiles/CMakeTmp

Run Build Command(s):/usr/bin/make cmTC_518f5/fast && /usr/bin/make -f CMakeFiles/cmTC_518f5.dir/build.make CMakeFiles/cmTC_518f5.dir/build
make[1]: Entering directory '/home/cjdcoy/CUHKSZ/CSC4005/assignment_2/119100002/pthread/bin/CMakeFiles/CMakeTmp'
Building C object CMakeFiles/cmTC_518f5.dir/CheckFunctionExists.c.o
/usr/bin/cc   -DCHECK_FUNCTION_EXISTS=connect   -o CMakeFiles/cmTC_518f5.dir/CheckFunctionExists.c.o   -c /usr/local/share/cmake-3.15/Modules/CheckFunctionExists.c
Linking C executable cmTC_518f5
/usr/local/bin/cmake -E cmake_link_script CMakeFiles/cmTC_518f5.dir/link.txt --verbose=1
/usr/bin/cc  -DCHECK_FUNCTION_EXISTS=connect    -rdynamic CMakeFiles/cmTC_518f5.dir/CheckFunctionExists.c.o  -o cmTC_518f5 
make[1]: Leaving directory '/home/cjdcoy/CUHKSZ/CSC4005/assignment_2/119100002/pthread/bin/CMakeFiles/CMakeTmp'



Determining if the function remove exists passed with the following output:
Change Dir: /home/cjdcoy/CUHKSZ/CSC4005/assignment_2/119100002/pthread/bin/CMakeFiles/CMakeTmp

Run Build Command(s):/usr/bin/make cmTC_1bc75/fast && /usr/bin/make -f CMakeFiles/cmTC_1bc75.dir/build.make CMakeFiles/cmTC_1bc75.dir/build
make[1]: Entering directory '/home/cjdcoy/CUHKSZ/CSC4005/assignment_2/119100002/pthread/bin/CMakeFiles/CMakeTmp'
Building C object CMakeFiles/cmTC_1bc75.dir/CheckFunctionExists.c.o
/usr/bin/cc   -DCHECK_FUNCTION_EXISTS=remove   -o CMakeFiles/cmTC_1bc75.dir/CheckFunctionExists.c.o   -c /usr/local/share/cmake-3.15/Modules/CheckFunctionExists.c
Linking C executable cmTC_1bc75
/usr/local/bin/cmake -E cmake_link_script CMakeFiles/cmTC_1bc75.dir/link.txt --verbose=1
/usr/bin/cc  -DCHECK_FUNCTION_EXISTS=remove    -rdynamic CMakeFiles/cmTC_1bc75.dir/CheckFunctionExists.c.o  -o cmTC_1bc75 
make[1]: Leaving directory '/home/cjdcoy/CUHKSZ/CSC4005/assignment_2/119100002/pthread/bin/CMakeFiles/CMakeTmp'



Determining if the function shmat exists passed with the following output:
Change Dir: /home/cjdcoy/CUHKSZ/CSC4005/assignment_2/119100002/pthread/bin/CMakeFiles/CMakeTmp

Run Build Command(s):/usr/bin/make cmTC_3eeab/fast && /usr/bin/make -f CMakeFiles/cmTC_3eeab.dir/build.make CMakeFiles/cmTC_3eeab.dir/build
make[1]: Entering directory '/home/cjdcoy/CUHKSZ/CSC4005/assignment_2/119100002/pthread/bin/CMakeFiles/CMakeTmp'
Building C object CMakeFiles/cmTC_3eeab.dir/CheckFunctionExists.c.o
/usr/bin/cc   -DCHECK_FUNCTION_EXISTS=shmat   -o CMakeFiles/cmTC_3eeab.dir/CheckFunctionExists.c.o   -c /usr/local/share/cmake-3.15/Modules/CheckFunctionExists.c
Linking C executable cmTC_3eeab
/usr/local/bin/cmake -E cmake_link_script CMakeFiles/cmTC_3eeab.dir/link.txt --verbose=1
/usr/bin/cc  -DCHECK_FUNCTION_EXISTS=shmat    -rdynamic CMakeFiles/cmTC_3eeab.dir/CheckFunctionExists.c.o  -o cmTC_3eeab 
make[1]: Leaving directory '/home/cjdcoy/CUHKSZ/CSC4005/assignment_2/119100002/pthread/bin/CMakeFiles/CMakeTmp'



Determining if the function IceConnectionNumber exists in the ICE passed with the following output:
Change Dir: /home/cjdcoy/CUHKSZ/CSC4005/assignment_2/119100002/pthread/bin/CMakeFiles/CMakeTmp

Run Build Command(s):/usr/bin/make cmTC_fc77a/fast && /usr/bin/make -f CMakeFiles/cmTC_fc77a.dir/build.make CMakeFiles/cmTC_fc77a.dir/build
make[1]: Entering directory '/home/cjdcoy/CUHKSZ/CSC4005/assignment_2/119100002/pthread/bin/CMakeFiles/CMakeTmp'
Building C object CMakeFiles/cmTC_fc77a.dir/CheckFunctionExists.c.o
/usr/bin/cc   -DCHECK_FUNCTION_EXISTS=IceConnectionNumber   -o CMakeFiles/cmTC_fc77a.dir/CheckFunctionExists.c.o   -c /usr/local/share/cmake-3.15/Modules/CheckFunctionExists.c
Linking C executable cmTC_fc77a
/usr/local/bin/cmake -E cmake_link_script CMakeFiles/cmTC_fc77a.dir/link.txt --verbose=1
/usr/bin/cc  -DCHECK_FUNCTION_EXISTS=IceConnectionNumber    -rdynamic CMakeFiles/cmTC_fc77a.dir/CheckFunctionExists.c.o  -o cmTC_fc77a -lICE 
make[1]: Leaving directory '/home/cjdcoy/CUHKSZ/CSC4005/assignment_2/119100002/pthread/bin/CMakeFiles/CMakeTmp'



Determining if the include file pthread.h exists passed with the following output:
Change Dir: /home/cjdcoy/CUHKSZ/CSC4005/assignment_2/119100002/pthread/bin/CMakeFiles/CMakeTmp

Run Build Command(s):/usr/bin/make cmTC_403de/fast 
/usr/bin/make -f CMakeFiles/cmTC_403de.dir/build.make CMakeFiles/cmTC_403de.dir/build
make[1]: Entering directory '/home/cjdcoy/CUHKSZ/CSC4005/assignment_2/119100002/pthread/bin/CMakeFiles/CMakeTmp'
Building C object CMakeFiles/cmTC_403de.dir/CheckIncludeFile.c.o
/usr/bin/cc    -o CMakeFiles/cmTC_403de.dir/CheckIncludeFile.c.o   -c /home/cjdcoy/CUHKSZ/CSC4005/assignment_2/119100002/pthread/bin/CMakeFiles/CMakeTmp/CheckIncludeFile.c
Linking C executable cmTC_403de
/home/cjdcoy/TOOLS/clion/bin/cmake/linux/bin/cmake -E cmake_link_script CMakeFiles/cmTC_403de.dir/link.txt --verbose=1
/usr/bin/cc      -rdynamic CMakeFiles/cmTC_403de.dir/CheckIncludeFile.c.o  -o cmTC_403de 
make[1]: Leaving directory '/home/cjdcoy/CUHKSZ/CSC4005/assignment_2/119100002/pthread/bin/CMakeFiles/CMakeTmp'


Determining if the function pthread_create exists in the pthread passed with the following output:
Change Dir: /home/cjdcoy/CUHKSZ/CSC4005/assignment_2/119100002/pthread/bin/CMakeFiles/CMakeTmp

Run Build Command(s):/usr/bin/make cmTC_b7f77/fast 
/usr/bin/make -f CMakeFiles/cmTC_b7f77.dir/build.make CMakeFiles/cmTC_b7f77.dir/build
make[1]: Entering directory '/home/cjdcoy/CUHKSZ/CSC4005/assignment_2/119100002/pthread/bin/CMakeFiles/CMakeTmp'
Building C object CMakeFiles/cmTC_b7f77.dir/CheckFunctionExists.c.o
/usr/bin/cc   -DCHECK_FUNCTION_EXISTS=pthread_create   -o CMakeFiles/cmTC_b7f77.dir/CheckFunctionExists.c.o   -c /home/cjdcoy/TOOLS/clion/bin/cmake/linux/share/cmake-3.14/Modules/CheckFunctionExists.c
Linking C executable cmTC_b7f77
/home/cjdcoy/TOOLS/clion/bin/cmake/linux/bin/cmake -E cmake_link_script CMakeFiles/cmTC_b7f77.dir/link.txt --verbose=1
/usr/bin/cc  -DCHECK_FUNCTION_EXISTS=pthread_create    -rdynamic CMakeFiles/cmTC_b7f77.dir/CheckFunctionExists.c.o  -o cmTC_b7f77 -lpthread 
make[1]: Leaving directory '/home/cjdcoy/CUHKSZ/CSC4005/assignment_2/119100002/pthread/bin/CMakeFiles/CMakeTmp'


Determining if the function XOpenDisplay exists in the /usr/lib/x86_64-linux-gnu/libX11.so;/usr/lib/x86_64-linux-gnu/libXext.so passed with the following output:
Change Dir: /home/cjdcoy/CUHKSZ/CSC4005/assignment_2/119100002/pthread/bin/CMakeFiles/CMakeTmp

Run Build Command(s):/usr/bin/make cmTC_07e73/fast 
/usr/bin/make -f CMakeFiles/cmTC_07e73.dir/build.make CMakeFiles/cmTC_07e73.dir/build
make[1]: Entering directory '/home/cjdcoy/CUHKSZ/CSC4005/assignment_2/119100002/pthread/bin/CMakeFiles/CMakeTmp'
Building C object CMakeFiles/cmTC_07e73.dir/CheckFunctionExists.c.o
/usr/bin/cc   -DCHECK_FUNCTION_EXISTS=XOpenDisplay   -o CMakeFiles/cmTC_07e73.dir/CheckFunctionExists.c.o   -c /home/cjdcoy/TOOLS/clion/bin/cmake/linux/share/cmake-3.14/Modules/CheckFunctionExists.c
Linking C executable cmTC_07e73
/home/cjdcoy/TOOLS/clion/bin/cmake/linux/bin/cmake -E cmake_link_script CMakeFiles/cmTC_07e73.dir/link.txt --verbose=1
/usr/bin/cc  -DCHECK_FUNCTION_EXISTS=XOpenDisplay    -rdynamic CMakeFiles/cmTC_07e73.dir/CheckFunctionExists.c.o  -o cmTC_07e73 /usr/lib/x86_64-linux-gnu/libX11.so /usr/lib/x86_64-linux-gnu/libXext.so 
make[1]: Leaving directory '/home/cjdcoy/CUHKSZ/CSC4005/assignment_2/119100002/pthread/bin/CMakeFiles/CMakeTmp'


Determining if the function gethostbyname exists passed with the following output:
Change Dir: /home/cjdcoy/CUHKSZ/CSC4005/assignment_2/119100002/pthread/bin/CMakeFiles/CMakeTmp

Run Build Command(s):/usr/bin/make cmTC_07b15/fast 
/usr/bin/make -f CMakeFiles/cmTC_07b15.dir/build.make CMakeFiles/cmTC_07b15.dir/build
make[1]: Entering directory '/home/cjdcoy/CUHKSZ/CSC4005/assignment_2/119100002/pthread/bin/CMakeFiles/CMakeTmp'
Building C object CMakeFiles/cmTC_07b15.dir/CheckFunctionExists.c.o
/usr/bin/cc   -DCHECK_FUNCTION_EXISTS=gethostbyname   -o CMakeFiles/cmTC_07b15.dir/CheckFunctionExists.c.o   -c /home/cjdcoy/TOOLS/clion/bin/cmake/linux/share/cmake-3.14/Modules/CheckFunctionExists.c
Linking C executable cmTC_07b15
/home/cjdcoy/TOOLS/clion/bin/cmake/linux/bin/cmake -E cmake_link_script CMakeFiles/cmTC_07b15.dir/link.txt --verbose=1
/usr/bin/cc  -DCHECK_FUNCTION_EXISTS=gethostbyname    -rdynamic CMakeFiles/cmTC_07b15.dir/CheckFunctionExists.c.o  -o cmTC_07b15 
make[1]: Leaving directory '/home/cjdcoy/CUHKSZ/CSC4005/assignment_2/119100002/pthread/bin/CMakeFiles/CMakeTmp'


Determining if the function connect exists passed with the following output:
Change Dir: /home/cjdcoy/CUHKSZ/CSC4005/assignment_2/119100002/pthread/bin/CMakeFiles/CMakeTmp

Run Build Command(s):/usr/bin/make cmTC_a2de1/fast 
/usr/bin/make -f CMakeFiles/cmTC_a2de1.dir/build.make CMakeFiles/cmTC_a2de1.dir/build
make[1]: Entering directory '/home/cjdcoy/CUHKSZ/CSC4005/assignment_2/119100002/pthread/bin/CMakeFiles/CMakeTmp'
Building C object CMakeFiles/cmTC_a2de1.dir/CheckFunctionExists.c.o
/usr/bin/cc   -DCHECK_FUNCTION_EXISTS=connect   -o CMakeFiles/cmTC_a2de1.dir/CheckFunctionExists.c.o   -c /home/cjdcoy/TOOLS/clion/bin/cmake/linux/share/cmake-3.14/Modules/CheckFunctionExists.c
Linking C executable cmTC_a2de1
/home/cjdcoy/TOOLS/clion/bin/cmake/linux/bin/cmake -E cmake_link_script CMakeFiles/cmTC_a2de1.dir/link.txt --verbose=1
/usr/bin/cc  -DCHECK_FUNCTION_EXISTS=connect    -rdynamic CMakeFiles/cmTC_a2de1.dir/CheckFunctionExists.c.o  -o cmTC_a2de1 
make[1]: Leaving directory '/home/cjdcoy/CUHKSZ/CSC4005/assignment_2/119100002/pthread/bin/CMakeFiles/CMakeTmp'


Determining if the function remove exists passed with the following output:
Change Dir: /home/cjdcoy/CUHKSZ/CSC4005/assignment_2/119100002/pthread/bin/CMakeFiles/CMakeTmp

Run Build Command(s):/usr/bin/make cmTC_f842b/fast 
/usr/bin/make -f CMakeFiles/cmTC_f842b.dir/build.make CMakeFiles/cmTC_f842b.dir/build
make[1]: Entering directory '/home/cjdcoy/CUHKSZ/CSC4005/assignment_2/119100002/pthread/bin/CMakeFiles/CMakeTmp'
Building C object CMakeFiles/cmTC_f842b.dir/CheckFunctionExists.c.o
/usr/bin/cc   -DCHECK_FUNCTION_EXISTS=remove   -o CMakeFiles/cmTC_f842b.dir/CheckFunctionExists.c.o   -c /home/cjdcoy/TOOLS/clion/bin/cmake/linux/share/cmake-3.14/Modules/CheckFunctionExists.c
Linking C executable cmTC_f842b
/home/cjdcoy/TOOLS/clion/bin/cmake/linux/bin/cmake -E cmake_link_script CMakeFiles/cmTC_f842b.dir/link.txt --verbose=1
/usr/bin/cc  -DCHECK_FUNCTION_EXISTS=remove    -rdynamic CMakeFiles/cmTC_f842b.dir/CheckFunctionExists.c.o  -o cmTC_f842b 
make[1]: Leaving directory '/home/cjdcoy/CUHKSZ/CSC4005/assignment_2/119100002/pthread/bin/CMakeFiles/CMakeTmp'


Determining if the function shmat exists passed with the following output:
Change Dir: /home/cjdcoy/CUHKSZ/CSC4005/assignment_2/119100002/pthread/bin/CMakeFiles/CMakeTmp

Run Build Command(s):/usr/bin/make cmTC_fb732/fast 
/usr/bin/make -f CMakeFiles/cmTC_fb732.dir/build.make CMakeFiles/cmTC_fb732.dir/build
make[1]: Entering directory '/home/cjdcoy/CUHKSZ/CSC4005/assignment_2/119100002/pthread/bin/CMakeFiles/CMakeTmp'
Building C object CMakeFiles/cmTC_fb732.dir/CheckFunctionExists.c.o
/usr/bin/cc   -DCHECK_FUNCTION_EXISTS=shmat   -o CMakeFiles/cmTC_fb732.dir/CheckFunctionExists.c.o   -c /home/cjdcoy/TOOLS/clion/bin/cmake/linux/share/cmake-3.14/Modules/CheckFunctionExists.c
Linking C executable cmTC_fb732
/home/cjdcoy/TOOLS/clion/bin/cmake/linux/bin/cmake -E cmake_link_script CMakeFiles/cmTC_fb732.dir/link.txt --verbose=1
/usr/bin/cc  -DCHECK_FUNCTION_EXISTS=shmat    -rdynamic CMakeFiles/cmTC_fb732.dir/CheckFunctionExists.c.o  -o cmTC_fb732 
make[1]: Leaving directory '/home/cjdcoy/CUHKSZ/CSC4005/assignment_2/119100002/pthread/bin/CMakeFiles/CMakeTmp'


Determining if the function IceConnectionNumber exists in the ICE passed with the following output:
Change Dir: /home/cjdcoy/CUHKSZ/CSC4005/assignment_2/119100002/pthread/bin/CMakeFiles/CMakeTmp

Run Build Command(s):/usr/bin/make cmTC_1dd92/fast 
/usr/bin/make -f CMakeFiles/cmTC_1dd92.dir/build.make CMakeFiles/cmTC_1dd92.dir/build
make[1]: Entering directory '/home/cjdcoy/CUHKSZ/CSC4005/assignment_2/119100002/pthread/bin/CMakeFiles/CMakeTmp'
Building C object CMakeFiles/cmTC_1dd92.dir/CheckFunctionExists.c.o
/usr/bin/cc   -DCHECK_FUNCTION_EXISTS=IceConnectionNumber   -o CMakeFiles/cmTC_1dd92.dir/CheckFunctionExists.c.o   -c /home/cjdcoy/TOOLS/clion/bin/cmake/linux/share/cmake-3.14/Modules/CheckFunctionExists.c
Linking C executable cmTC_1dd92
/home/cjdcoy/TOOLS/clion/bin/cmake/linux/bin/cmake -E cmake_link_script CMakeFiles/cmTC_1dd92.dir/link.txt --verbose=1
/usr/bin/cc  -DCHECK_FUNCTION_EXISTS=IceConnectionNumber    -rdynamic CMakeFiles/cmTC_1dd92.dir/CheckFunctionExists.c.o  -o cmTC_1dd92 -lICE 
make[1]: Leaving directory '/home/cjdcoy/CUHKSZ/CSC4005/assignment_2/119100002/pthread/bin/CMakeFiles/CMakeTmp'


